Coverage.py warning: Already imported a file that will be measured: /Users/btleyden/gslab_python/env/bin/coverage (already-imported)
Coverage.py warning: Already imported a file that will be measured: /Users/btleyden/gslab_python/env/lib/python3.8/site-packages/coverage/version.py (already-imported)
Coverage.py warning: Already imported a file that will be measured: /Users/btleyden/gslab_python/env/lib/python3.8/site-packages/coverage/env.py (already-imported)
Coverage.py warning: Already imported a file that will be measured: /Users/btleyden/gslab_python/env/lib/python3.8/site-packages/coverage/backward.py (already-imported)
Coverage.py warning: Already imported a file that will be measured: /Users/btleyden/gslab_python/env/lib/python3.8/site-packages/coverage/misc.py (already-imported)
Coverage.py warning: Already imported a file that will be measured: /Users/btleyden/gslab_python/env/lib/python3.8/site-packages/coverage/files.py (already-imported)
Coverage.py warning: Already imported a file that will be measured: /Users/btleyden/gslab_python/env/lib/python3.8/site-packages/coverage/report.py (already-imported)
Coverage.py warning: Already imported a file that will be measured: /Users/btleyden/gslab_python/env/lib/python3.8/site-packages/coverage/annotate.py (already-imported)
Coverage.py warning: Already imported a file that will be measured: /Users/btleyden/gslab_python/env/lib/python3.8/site-packages/coverage/debug.py (already-imported)
Coverage.py warning: Already imported a file that will be measured: /Users/btleyden/gslab_python/env/lib/python3.8/site-packages/coverage/disposition.py (already-imported)
Coverage.py warning: Already imported a file that will be measured: /Users/btleyden/gslab_python/env/lib/python3.8/site-packages/coverage/pytracer.py (already-imported)
Coverage.py warning: Already imported a file that will be measured: /Users/btleyden/gslab_python/env/lib/python3.8/site-packages/coverage/tracer.cpython-38-darwin.so (already-imported)
Coverage.py warning: Already imported a file that will be measured: /Users/btleyden/gslab_python/env/lib/python3.8/site-packages/coverage/collector.py (already-imported)
Coverage.py warning: Already imported a file that will be measured: /Users/btleyden/gslab_python/env/lib/python3.8/site-packages/coverage/tomlconfig.py (already-imported)
Coverage.py warning: Already imported a file that will be measured: /Users/btleyden/gslab_python/env/lib/python3.8/site-packages/coverage/config.py (already-imported)
Coverage.py warning: Already imported a file that will be measured: /Users/btleyden/gslab_python/env/lib/python3.8/site-packages/coverage/context.py (already-imported)
Coverage.py warning: Already imported a file that will be measured: /Users/btleyden/gslab_python/env/lib/python3.8/site-packages/coverage/numbits.py (already-imported)
Coverage.py warning: Already imported a file that will be measured: /Users/btleyden/gslab_python/env/lib/python3.8/site-packages/coverage/sqldata.py (already-imported)
Coverage.py warning: Already imported a file that will be measured: /Users/btleyden/gslab_python/env/lib/python3.8/site-packages/coverage/data.py (already-imported)
Coverage.py warning: Already imported a file that will be measured: /Users/btleyden/gslab_python/env/lib/python3.8/site-packages/coverage/results.py (already-imported)
Coverage.py warning: Already imported a file that will be measured: /Users/btleyden/gslab_python/env/lib/python3.8/site-packages/coverage/templite.py (already-imported)
Coverage.py warning: Already imported a file that will be measured: /Users/btleyden/gslab_python/env/lib/python3.8/site-packages/coverage/html.py (already-imported)
Coverage.py warning: Already imported a file that will be measured: /Users/btleyden/gslab_python/env/lib/python3.8/site-packages/coverage/bytecode.py (already-imported)
Coverage.py warning: Already imported a file that will be measured: /Users/btleyden/gslab_python/env/lib/python3.8/site-packages/coverage/phystokens.py (already-imported)
Coverage.py warning: Already imported a file that will be measured: /Users/btleyden/gslab_python/env/lib/python3.8/site-packages/coverage/parser.py (already-imported)
Coverage.py warning: Already imported a file that will be measured: /Users/btleyden/gslab_python/env/lib/python3.8/site-packages/coverage/plugin.py (already-imported)
Coverage.py warning: Already imported a file that will be measured: /Users/btleyden/gslab_python/env/lib/python3.8/site-packages/coverage/python.py (already-imported)
Coverage.py warning: Already imported a file that will be measured: /Users/btleyden/gslab_python/env/lib/python3.8/site-packages/coverage/inorout.py (already-imported)
Coverage.py warning: Already imported a file that will be measured: /Users/btleyden/gslab_python/env/lib/python3.8/site-packages/coverage/jsonreport.py (already-imported)
Coverage.py warning: Already imported a file that will be measured: /Users/btleyden/gslab_python/env/lib/python3.8/site-packages/coverage/plugin_support.py (already-imported)
Coverage.py warning: Already imported a file that will be measured: /Users/btleyden/gslab_python/env/lib/python3.8/site-packages/coverage/summary.py (already-imported)
Coverage.py warning: Already imported a file that will be measured: /Users/btleyden/gslab_python/env/lib/python3.8/site-packages/coverage/xmlreport.py (already-imported)
Coverage.py warning: Already imported a file that will be measured: /Users/btleyden/gslab_python/env/lib/python3.8/site-packages/coverage/multiproc.py (already-imported)
Coverage.py warning: Already imported a file that will be measured: /Users/btleyden/gslab_python/env/lib/python3.8/site-packages/coverage/control.py (already-imported)
Coverage.py warning: Already imported a file that will be measured: /Users/btleyden/gslab_python/env/lib/python3.8/site-packages/coverage/__init__.py (already-imported)
Coverage.py warning: Already imported a file that will be measured: /Users/btleyden/gslab_python/env/lib/python3.8/site-packages/coverage/execfile.py (already-imported)
Coverage.py warning: Already imported a file that will be measured: /Users/btleyden/gslab_python/env/lib/python3.8/site-packages/coverage/cmdline.py (already-imported)
WARNING: The wheel package is not available.
running pytest
Searching for pymmh3
Best match: pymmh3 0.0.5
Processing pymmh3-0.0.5-py3.8.egg

Using /Users/btleyden/gslab_python/.eggs/pymmh3-0.0.5-py3.8.egg
Searching for scandir
Best match: scandir 1.10.0
Processing scandir-1.10.0-py3.8-macosx-11.0-x86_64.egg

Using /Users/btleyden/gslab_python/.eggs/scandir-1.10.0-py3.8-macosx-11.0-x86_64.egg
Searching for pytest
Best match: pytest 6.2.2
Processing pytest-6.2.2-py3.8.egg

Using /Users/btleyden/gslab_python/.eggs/pytest-6.2.2-py3.8.egg
Searching for toml
Best match: toml 0.10.2
Processing toml-0.10.2-py3.8.egg

Using /Users/btleyden/gslab_python/.eggs/toml-0.10.2-py3.8.egg
Searching for py>=1.8.2
Best match: py 1.10.0
Processing py-1.10.0-py3.8.egg

Using /Users/btleyden/gslab_python/.eggs/py-1.10.0-py3.8.egg
Searching for pluggy<1.0.0a1,>=0.12
Best match: pluggy 1.0.0.dev0
Processing pluggy-1.0.0.dev0-py3.8.egg

Using /Users/btleyden/gslab_python/.eggs/pluggy-1.0.0.dev0-py3.8.egg
Searching for packaging
Best match: packaging 20.9
Processing packaging-20.9-py3.8.egg

Using /Users/btleyden/gslab_python/.eggs/packaging-20.9-py3.8.egg
Searching for iniconfig
Best match: iniconfig 1.1.1
Processing iniconfig-1.1.1-py3.8.egg

Using /Users/btleyden/gslab_python/.eggs/iniconfig-1.1.1-py3.8.egg
Searching for attrs>=19.2.0
Best match: attrs 20.3.0
Processing attrs-20.3.0-py3.8.egg

Using /Users/btleyden/gslab_python/.eggs/attrs-20.3.0-py3.8.egg
Searching for pyparsing>=2.0.2
Best match: pyparsing 3.0.0b2
Processing pyparsing-3.0.0b2-py3.8.egg

Using /Users/btleyden/gslab_python/.eggs/pyparsing-3.0.0b2-py3.8.egg
running egg_info
writing GSLab_Tools.egg-info/PKG-INFO
writing dependency_links to GSLab_Tools.egg-info/dependency_links.txt
writing requirements to GSLab_Tools.egg-info/requires.txt
writing top-level names to GSLab_Tools.egg-info/top_level.txt
reading manifest file 'GSLab_Tools.egg-info/SOURCES.txt'
writing manifest file 'GSLab_Tools.egg-info/SOURCES.txt'
running build_ext
============================= test session starts ==============================
platform darwin -- Python 3.8.6, pytest-6.2.2, py-1.10.0, pluggy-1.0.0.dev0
rootdir: /Users/btleyden/gslab_python
collected 128 items

gslab_fill/tests/test_tablefill.py ....                                  [  3%]
gslab_fill/tests/test_textfill.py ........                               [  9%]
gslab_misc/gencat/tests/test_checkDicts.py ...                           [ 11%]
gslab_misc/gencat/tests/test_cleanDir.py ......                          [ 16%]
gslab_misc/gencat/tests/test_main.py .                                   [ 17%]
gslab_misc/gencat/tests/test_unzipFiles.py ......                        [ 21%]
gslab_misc/gencat/tests/test_writeDict.py ....                           [ 25%]
gslab_misc/gencat/tests/test_zipFile.py ....                             [ 28%]
gslab_scons/tests/test_build_latex.py FF.FF.                             [ 32%]
gslab_scons/tests/test_build_lyx.py .F.F..                               [ 37%]
gslab_scons/tests/test_build_matlab.py FFFFFF                            [ 42%]
gslab_scons/tests/test_build_python.py .F...                             [ 46%]
gslab_scons/tests/test_build_r.py .FFFF                                  [ 50%]
gslab_scons/tests/test_build_stata.py .F....FF..                         [ 57%]
gslab_scons/tests/test_build_tables.py F.FF.                             [ 61%]
gslab_scons/tests/test_configuration_tests.py FFFFFFFFF                  [ 68%]
gslab_scons/tests/test_log.py ..F.FFFFF                                  [ 75%]
gslab_scons/tests/test_misc.py .FF....F..FFFFFFFF                        [ 89%]
gslab_scons/tests/test_release_function.py .FFF                          [ 92%]
gslab_scons/tests/test_release_tools.py .F..                             [ 96%]
gslab_scons/tests/test_size_warning.py FFFFF                             [100%]

=================================== FAILURES ===================================
______________________ TestBuildLateX.test_bad_extension _______________________

self = <gslab_scons.tests.test_build_latex.TestBuildLateX testMethod=test_bad_extension>

    def test_bad_extension(self):
        '''Test that build_latex() recognises an improper file extension'''
>       helpers.bad_extension(self, gs.build_latex, good = 'test.tex')

/Users/btleyden/gslab_python/gslab_scons/tests/test_build_latex.py:57: 
_ _ _ _ _ _ _ _ _ _ _ _ _ _ _ _ _ _ _ _ _ _ _ _ _ _ _ _ _ _ _ _ _ _ _ _ _ _ _ _ 
/Users/btleyden/gslab_python/gslab_scons/tests/_test_helpers.py:140: in bad_extension
    builder(target = './test_output.txt',
/Users/btleyden/gslab_python/gslab_scons/builders/build_latex.py:28: in build_latex
    builder = LatexBuilder(target, source, env, **builder_attributes)
/Users/btleyden/gslab_python/gslab_scons/builders/gslab_builder.py:52: in __init__
    self.add_call_args()
_ _ _ _ _ _ _ _ _ _ _ _ _ _ _ _ _ _ _ _ _ _ _ _ _ _ _ _ _ _ _ _ _ _ _ _ _ _ _ _ 

    def add_call_args(self):
        '''
        '''
        target_name = os.path.splitext(self.target[0])[0]
    
>       if self.env['rel_path'] is True:
E       KeyError: 'rel_path'

/Users/btleyden/gslab_python/gslab_scons/builders/build_latex.py:43: KeyError
_________________________ TestBuildLateX.test_default __________________________

self = <gslab_scons.tests.test_build_latex.TestBuildLateX testMethod=test_default>
mock_system = <MagicMock name='check_output' id='4606850768'>

    @mock.patch('%s.subprocess.check_output' % path)
    def test_default(self, mock_system):
        '''
        Test that build_latex() behaves correctly when provided with
        standard inputs.
        '''
        mock_system.side_effect = fx.latex_side_effect
        target = './build/latex.pdf'
>       helpers.standard_test(self, gs.build_latex, 'tex',
                              system_mock = mock_system,
                              target = target)

/Users/btleyden/gslab_python/gslab_scons/tests/test_build_latex.py:36: 
_ _ _ _ _ _ _ _ _ _ _ _ _ _ _ _ _ _ _ _ _ _ _ _ _ _ _ _ _ _ _ _ _ _ _ _ _ _ _ _ 
/Users/btleyden/gslab_python/gslab_scons/tests/_test_helpers.py:155: in standard_test
    builder(source = source, target = target, env = env)
/Users/btleyden/gslab_python/gslab_scons/builders/build_latex.py:28: in build_latex
    builder = LatexBuilder(target, source, env, **builder_attributes)
/Users/btleyden/gslab_python/gslab_scons/builders/gslab_builder.py:52: in __init__
    self.add_call_args()
_ _ _ _ _ _ _ _ _ _ _ _ _ _ _ _ _ _ _ _ _ _ _ _ _ _ _ _ _ _ _ _ _ _ _ _ _ _ _ _ 

self = <gslab_scons.builders.build_latex.LatexBuilder object at 0x11296f6a0>

    def add_call_args(self):
        '''
        '''
        target_name = os.path.splitext(self.target[0])[0]
    
>       if self.env['rel_path'] is True:
E       KeyError: 'rel_path'

/Users/btleyden/gslab_python/gslab_scons/builders/build_latex.py:43: KeyError
______________________ TestBuildLateX.test_list_arguments ______________________

self = <gslab_scons.tests.test_build_latex.TestBuildLateX testMethod=test_list_arguments>
mock_system = <MagicMock name='check_output' id='4606990176'>

    @mock.patch('%s.subprocess.check_output' % path)
    def test_list_arguments(self, mock_system):
        '''
        Check that build_latex() works when its source and target
        arguments are lists
        '''
        mock_system.side_effect = fx.latex_side_effect
        target = ['./build/latex.pdf']
>       helpers.standard_test(self, gs.build_latex, 'tex',
                              system_mock = mock_system,
                              source = ['./test_script.tex'],
                              target = target)

/Users/btleyden/gslab_python/gslab_scons/tests/test_build_latex.py:49: 
_ _ _ _ _ _ _ _ _ _ _ _ _ _ _ _ _ _ _ _ _ _ _ _ _ _ _ _ _ _ _ _ _ _ _ _ _ _ _ _ 
/Users/btleyden/gslab_python/gslab_scons/tests/_test_helpers.py:155: in standard_test
    builder(source = source, target = target, env = env)
/Users/btleyden/gslab_python/gslab_scons/builders/build_latex.py:28: in build_latex
    builder = LatexBuilder(target, source, env, **builder_attributes)
/Users/btleyden/gslab_python/gslab_scons/builders/gslab_builder.py:52: in __init__
    self.add_call_args()
_ _ _ _ _ _ _ _ _ _ _ _ _ _ _ _ _ _ _ _ _ _ _ _ _ _ _ _ _ _ _ _ _ _ _ _ _ _ _ _ 

self = <gslab_scons.builders.build_latex.LatexBuilder object at 0x112991820>

    def add_call_args(self):
        '''
        '''
        target_name = os.path.splitext(self.target[0])[0]
    
>       if self.env['rel_path'] is True:
E       KeyError: 'rel_path'

/Users/btleyden/gslab_python/gslab_scons/builders/build_latex.py:43: KeyError
____________________ TestBuildLateX.test_nonexistent_source ____________________

self = <gslab_scons.tests.test_build_latex.TestBuildLateX testMethod=test_nonexistent_source>
mock_system = <MagicMock name='system' id='4606949792'>

    @mock.patch('%s.os.system' % path)
    def test_nonexistent_source(self, mock_system):
        '''
        Test build_latex()'s behaviour when the source file
        does not exist.
        '''
        mock_system.side_effect = fx.latex_side_effect
        # i) Directory doesn't exist
        with self.assertRaises(ExecCallError):
>           gs.build_latex('./build/latex.pdf',
                          ['./bad_dir/latex_test_file.tex'], env = {})

/Users/btleyden/gslab_python/gslab_scons/tests/test_build_latex.py:83: 
_ _ _ _ _ _ _ _ _ _ _ _ _ _ _ _ _ _ _ _ _ _ _ _ _ _ _ _ _ _ _ _ _ _ _ _ _ _ _ _ 
/Users/btleyden/gslab_python/gslab_scons/builders/build_latex.py:28: in build_latex
    builder = LatexBuilder(target, source, env, **builder_attributes)
/Users/btleyden/gslab_python/gslab_scons/builders/gslab_builder.py:52: in __init__
    self.add_call_args()
_ _ _ _ _ _ _ _ _ _ _ _ _ _ _ _ _ _ _ _ _ _ _ _ _ _ _ _ _ _ _ _ _ _ _ _ _ _ _ _ 

    def add_call_args(self):
        '''
        '''
        target_name = os.path.splitext(self.target[0])[0]
    
>       if self.env['rel_path'] is True:
E       KeyError: 'rel_path'

/Users/btleyden/gslab_python/gslab_scons/builders/build_latex.py:43: KeyError
__________________________ TestBuildLyX.test_default ___________________________

self = <gslab_scons.tests.test_build_lyx.TestBuildLyX testMethod=test_default>
mock_system = <MagicMock name='check_output' id='4606702832'>

    @mock.patch('%s.subprocess.check_output' % path)
    def test_default(self, mock_system):
        '''
        Test that build_lyx() behaves correctly when provided with
        standard inputs.
        '''
        mock_system.side_effect = fx.lyx_side_effect
        target = './build/lyx.pdf'
>       helpers.standard_test(self, gs.build_lyx, 'lyx',
                              system_mock = mock_system,
                              target = target)

/Users/btleyden/gslab_python/gslab_scons/tests/test_build_lyx.py:37: 
_ _ _ _ _ _ _ _ _ _ _ _ _ _ _ _ _ _ _ _ _ _ _ _ _ _ _ _ _ _ _ _ _ _ _ _ _ _ _ _ 
/Users/btleyden/gslab_python/gslab_scons/tests/_test_helpers.py:155: in standard_test
    builder(source = source, target = target, env = env)
/Users/btleyden/gslab_python/gslab_scons/builders/build_lyx.py:29: in build_lyx
    builder.execute_system_call()
/Users/btleyden/gslab_python/gslab_scons/builders/gslab_builder.py:120: in execute_system_call
    self.check_targets()
_ _ _ _ _ _ _ _ _ _ _ _ _ _ _ _ _ _ _ _ _ _ _ _ _ _ _ _ _ _ _ _ _ _ _ _ _ _ _ _ 

self = <gslab_scons.builders.build_lyx.LyxBuilder object at 0x11294b520>

    def check_targets(self):
        '''
        Check that all elements of the target attribute after executing system call.
        '''
        missing_targets = [t for t in self.target if not os.path.isfile(t)]
        if missing_targets:
            missing_targets = '\n    '.join(missing_targets)
            message = 'The following target files do not exist after build:\n    %s' % missing_targets
>           raise TargetNonexistenceError(message)
E           gslab_scons._exception_classes.TargetNonexistenceError: The following target files do not exist after build:
E               ./build/lyx.pdf

/Users/btleyden/gslab_python/gslab_scons/builders/gslab_builder.py:178: TargetNonexistenceError
----------------------------- Captured stdout call -----------------------------
Running: lyx -e pdf2  test_script.lyx > build/sconscript.log
_______________________ TestBuildLyX.test_list_arguments _______________________

self = <gslab_scons.tests.test_build_lyx.TestBuildLyX testMethod=test_list_arguments>
mock_system = <MagicMock name='check_output' id='4606851488'>

    @mock.patch('%s.subprocess.check_output' % path)
    def test_list_arguments(self, mock_system):
        '''
        Check that build_lyx() works when its source and target
        arguments are lists
        '''
        mock_system.side_effect = fx.lyx_side_effect
        target = ['./build/lyx.pdf']
>       helpers.standard_test(self, gs.build_lyx, 'lyx',
                              system_mock = mock_system,
                              source = ['./test_script.lyx'],
                              target = target)

/Users/btleyden/gslab_python/gslab_scons/tests/test_build_lyx.py:50: 
_ _ _ _ _ _ _ _ _ _ _ _ _ _ _ _ _ _ _ _ _ _ _ _ _ _ _ _ _ _ _ _ _ _ _ _ _ _ _ _ 
/Users/btleyden/gslab_python/gslab_scons/tests/_test_helpers.py:155: in standard_test
    builder(source = source, target = target, env = env)
/Users/btleyden/gslab_python/gslab_scons/builders/build_lyx.py:29: in build_lyx
    builder.execute_system_call()
/Users/btleyden/gslab_python/gslab_scons/builders/gslab_builder.py:120: in execute_system_call
    self.check_targets()
_ _ _ _ _ _ _ _ _ _ _ _ _ _ _ _ _ _ _ _ _ _ _ _ _ _ _ _ _ _ _ _ _ _ _ _ _ _ _ _ 

self = <gslab_scons.builders.build_lyx.LyxBuilder object at 0x11296fe20>

    def check_targets(self):
        '''
        Check that all elements of the target attribute after executing system call.
        '''
        missing_targets = [t for t in self.target if not os.path.isfile(t)]
        if missing_targets:
            missing_targets = '\n    '.join(missing_targets)
            message = 'The following target files do not exist after build:\n    %s' % missing_targets
>           raise TargetNonexistenceError(message)
E           gslab_scons._exception_classes.TargetNonexistenceError: The following target files do not exist after build:
E               ./build/lyx.pdf

/Users/btleyden/gslab_python/gslab_scons/builders/gslab_builder.py:178: TargetNonexistenceError
----------------------------- Captured stdout call -----------------------------
Running: lyx -e pdf2  test_script.lyx > build/sconscript.log
______________________ TestBuildMatlab.test_bad_extension ______________________

self = <gslab_scons.tests.test_build_matlab.TestBuildMatlab testMethod=test_bad_extension>

    def test_bad_extension(self):
        '''Test that build_matlab() recognises an improper file extension'''
>       helpers.bad_extension(self, gs.build_matlab, good = 'test.m')

/Users/btleyden/gslab_python/gslab_scons/tests/test_build_matlab.py:99: 
_ _ _ _ _ _ _ _ _ _ _ _ _ _ _ _ _ _ _ _ _ _ _ _ _ _ _ _ _ _ _ _ _ _ _ _ _ _ _ _ 
/Users/btleyden/gslab_python/gslab_scons/tests/_test_helpers.py:140: in bad_extension
    builder(target = './test_output.txt',
/Users/btleyden/gslab_python/gslab_scons/builders/build_matlab.py:26: in build_matlab
    builder = MatlabBuilder(target, source, env, **builder_attributes)
/Users/btleyden/gslab_python/gslab_scons/builders/build_matlab.py:37: in __init__
    super(MatlabBuilder, self).__init__(target, source, env, name = name,
/Users/btleyden/gslab_python/gslab_scons/builders/gslab_builder.py:52: in __init__
    self.add_call_args()
_ _ _ _ _ _ _ _ _ _ _ _ _ _ _ _ _ _ _ _ _ _ _ _ _ _ _ _ _ _ _ _ _ _ _ _ _ _ _ _ 

    def add_call_args(self):
        '''
        '''
>       source_hash = hashlib.sha1(self.source_file).hexdigest()
E       TypeError: Unicode-objects must be encoded before hashing

/Users/btleyden/gslab_python/gslab_scons/builders/build_matlab.py:59: TypeError
__________________________ TestBuildMatlab.test_clarg __________________________

self = <gslab_scons.tests.test_build_matlab.TestBuildMatlab testMethod=test_clarg>
mock_copy = <MagicMock name='copy' id='4606808368'>
mock_check_output = <MagicMock name='check_output' id='4607064816'>

    @main_patch
    def test_clarg(self, mock_copy, mock_check_output):
        '''
        Test that build_matlab() properly sets command-line arguments
        in its env argument as system environment variables.
        '''
        mock_copy.side_effect = fx.matlab_copy_effect
        mock_check_output.side_effect = fx.make_matlab_side_effect(True)
    
        env = {'CL_ARG': 'COMMANDLINE'}
>       helpers.standard_test(self, gs.build_matlab, 'm',
                              system_mock = mock_check_output, env = env)

/Users/btleyden/gslab_python/gslab_scons/tests/test_build_matlab.py:93: 
_ _ _ _ _ _ _ _ _ _ _ _ _ _ _ _ _ _ _ _ _ _ _ _ _ _ _ _ _ _ _ _ _ _ _ _ _ _ _ _ 
/Users/btleyden/gslab_python/gslab_scons/tests/_test_helpers.py:155: in standard_test
    builder(source = source, target = target, env = env)
/Users/btleyden/gslab_python/gslab_scons/builders/build_matlab.py:26: in build_matlab
    builder = MatlabBuilder(target, source, env, **builder_attributes)
/Users/btleyden/gslab_python/gslab_scons/builders/build_matlab.py:37: in __init__
    super(MatlabBuilder, self).__init__(target, source, env, name = name,
/Users/btleyden/gslab_python/gslab_scons/builders/gslab_builder.py:52: in __init__
    self.add_call_args()
_ _ _ _ _ _ _ _ _ _ _ _ _ _ _ _ _ _ _ _ _ _ _ _ _ _ _ _ _ _ _ _ _ _ _ _ _ _ _ _ 

self = <gslab_scons.builders.build_matlab.MatlabBuilder object at 0x112958490>

    def add_call_args(self):
        '''
        '''
>       source_hash = hashlib.sha1(self.source_file).hexdigest()
E       TypeError: Unicode-objects must be encoded before hashing

/Users/btleyden/gslab_python/gslab_scons/builders/build_matlab.py:59: TypeError
______________________ TestBuildMatlab.test_no_executable ______________________

self = <gslab_scons.tests.test_build_matlab.TestBuildMatlab testMethod=test_no_executable>
mock_copy = <MagicMock name='copy' id='4607096528'>
mock_check_output = <MagicMock name='check_output' id='4606696992'>

    @main_patch
    def test_no_executable(self, mock_copy, mock_check_output):
        mock_copy.side_effect = fx.matlab_copy_effect
        mock_check_output.side_effect = \
            fx.make_matlab_side_effect(recognized = False)
    
        with self.assertRaises(ExecCallError):
>           gs.build_matlab(target = './build/test.mat',
                            source = './input/matlab_test_script.m',
                            env    = {})

/Users/btleyden/gslab_python/gslab_scons/tests/test_build_matlab.py:108: 
_ _ _ _ _ _ _ _ _ _ _ _ _ _ _ _ _ _ _ _ _ _ _ _ _ _ _ _ _ _ _ _ _ _ _ _ _ _ _ _ 
/Users/btleyden/gslab_python/gslab_scons/builders/build_matlab.py:26: in build_matlab
    builder = MatlabBuilder(target, source, env, **builder_attributes)
/Users/btleyden/gslab_python/gslab_scons/builders/build_matlab.py:37: in __init__
    super(MatlabBuilder, self).__init__(target, source, env, name = name,
/Users/btleyden/gslab_python/gslab_scons/builders/gslab_builder.py:52: in __init__
    self.add_call_args()
_ _ _ _ _ _ _ _ _ _ _ _ _ _ _ _ _ _ _ _ _ _ _ _ _ _ _ _ _ _ _ _ _ _ _ _ _ _ _ _ 

    def add_call_args(self):
        '''
        '''
>       source_hash = hashlib.sha1(self.source_file).hexdigest()
E       TypeError: Unicode-objects must be encoded before hashing

/Users/btleyden/gslab_python/gslab_scons/builders/build_matlab.py:59: TypeError
________________________ TestBuildMatlab.test_other_os _________________________

self = <gslab_scons.tests.test_build_matlab.TestBuildMatlab testMethod=test_other_os>
mock_copy = <MagicMock name='copy' id='4606950848'>
mock_check_output = <MagicMock name='check_output' id='4606916736'>

    @helpers.platform_patch('riscos', path)
    @main_patch
    def test_other_os(self, mock_copy, mock_check_output):
        '''
        Test that build_matlab() raises an exception when run on a
        non-Unix, non-Windows operating system.
        '''
        mock_copy.side_effect = fx.matlab_copy_effect
        mock_check_output.side_effect = fx.make_matlab_side_effect(True)
        with self.assertRaises(PrerequisiteError):
>           gs.build_matlab(target = './build/test.mat',
                            source = './input/matlab_test_script.m',
                            env    = {})

/Users/btleyden/gslab_python/gslab_scons/tests/test_build_matlab.py:79: 
_ _ _ _ _ _ _ _ _ _ _ _ _ _ _ _ _ _ _ _ _ _ _ _ _ _ _ _ _ _ _ _ _ _ _ _ _ _ _ _ 
/Users/btleyden/gslab_python/gslab_scons/builders/build_matlab.py:26: in build_matlab
    builder = MatlabBuilder(target, source, env, **builder_attributes)
/Users/btleyden/gslab_python/gslab_scons/builders/build_matlab.py:36: in __init__
    exec_opts = self.add_executable_options()
_ _ _ _ _ _ _ _ _ _ _ _ _ _ _ _ _ _ _ _ _ _ _ _ _ _ _ _ _ _ _ _ _ _ _ _ _ _ _ _ 

    def add_executable_options(self):
        '''
        '''
        if misc.is_unix():
            platform_option = '-nodesktop '
        elif sys.platform == 'win32':
            platform_option = '-minimize -wait '
        else:
            message = 'Cannot find MATLAB command line syntax for platform.'
>           raise PrerequisiteError(message)
E           NameError: name 'PrerequisiteError' is not defined

/Users/btleyden/gslab_python/gslab_scons/builders/build_matlab.py:51: NameError
__________________________ TestBuildMatlab.test_unix ___________________________

self = <gslab_scons.tests.test_build_matlab.TestBuildMatlab testMethod=test_unix>
mock_copy = <MagicMock name='copy' id='4606984304'>
mock_check_output = <MagicMock name='check_output' id='4606757568'>

    @helpers.platform_patch('darwin', path)
    @main_patch
    def test_unix(self, mock_copy, mock_check_output):
        '''
        Test that build_matlab() creates a log and properly submits
        a matlab system command on a Unix machine.
        '''
        # Mock copy so that it just creates the destination file
        mock_copy.side_effect = fx.matlab_copy_effect
        mock_check_output.side_effect = fx.make_matlab_side_effect(True)
    
>       helpers.standard_test(self, gs.build_matlab, 'm')

/Users/btleyden/gslab_python/gslab_scons/tests/test_build_matlab.py:41: 
_ _ _ _ _ _ _ _ _ _ _ _ _ _ _ _ _ _ _ _ _ _ _ _ _ _ _ _ _ _ _ _ _ _ _ _ _ _ _ _ 
/Users/btleyden/gslab_python/gslab_scons/tests/_test_helpers.py:155: in standard_test
    builder(source = source, target = target, env = env)
/Users/btleyden/gslab_python/gslab_scons/builders/build_matlab.py:26: in build_matlab
    builder = MatlabBuilder(target, source, env, **builder_attributes)
/Users/btleyden/gslab_python/gslab_scons/builders/build_matlab.py:37: in __init__
    super(MatlabBuilder, self).__init__(target, source, env, name = name,
/Users/btleyden/gslab_python/gslab_scons/builders/gslab_builder.py:52: in __init__
    self.add_call_args()
_ _ _ _ _ _ _ _ _ _ _ _ _ _ _ _ _ _ _ _ _ _ _ _ _ _ _ _ _ _ _ _ _ _ _ _ _ _ _ _ 

self = <gslab_scons.builders.build_matlab.MatlabBuilder object at 0x11296fcd0>

    def add_call_args(self):
        '''
        '''
>       source_hash = hashlib.sha1(self.source_file).hexdigest()
E       TypeError: Unicode-objects must be encoded before hashing

/Users/btleyden/gslab_python/gslab_scons/builders/build_matlab.py:59: TypeError
_________________________ TestBuildMatlab.test_windows _________________________

self = <gslab_scons.tests.test_build_matlab.TestBuildMatlab testMethod=test_windows>
mock_copy = <MagicMock name='copy' id='4607188368'>
mock_check_output = <MagicMock name='check_output' id='4607110880'>

    @helpers.platform_patch('win32', path)
    @main_patch
    def test_windows(self, mock_copy, mock_check_output):
        '''
        Test that build_matlab() creates a log and properly submits
        a matlab system command on a Windows machine.
        '''
        mock_copy.side_effect = fx.matlab_copy_effect
        mock_check_output.side_effect = fx.make_matlab_side_effect(True)
    
>       helpers.standard_test(self, gs.build_matlab, 'm')

/Users/btleyden/gslab_python/gslab_scons/tests/test_build_matlab.py:66: 
_ _ _ _ _ _ _ _ _ _ _ _ _ _ _ _ _ _ _ _ _ _ _ _ _ _ _ _ _ _ _ _ _ _ _ _ _ _ _ _ 
/Users/btleyden/gslab_python/gslab_scons/tests/_test_helpers.py:155: in standard_test
    builder(source = source, target = target, env = env)
/Users/btleyden/gslab_python/gslab_scons/builders/build_matlab.py:26: in build_matlab
    builder = MatlabBuilder(target, source, env, **builder_attributes)
/Users/btleyden/gslab_python/gslab_scons/builders/build_matlab.py:37: in __init__
    super(MatlabBuilder, self).__init__(target, source, env, name = name,
/Users/btleyden/gslab_python/gslab_scons/builders/gslab_builder.py:52: in __init__
    self.add_call_args()
_ _ _ _ _ _ _ _ _ _ _ _ _ _ _ _ _ _ _ _ _ _ _ _ _ _ _ _ _ _ _ _ _ _ _ _ _ _ _ _ 

self = <gslab_scons.builders.build_matlab.MatlabBuilder object at 0x11299bf40>

    def add_call_args(self):
        '''
        '''
>       source_hash = hashlib.sha1(self.source_file).hexdigest()
E       TypeError: Unicode-objects must be encoded before hashing

/Users/btleyden/gslab_python/gslab_scons/builders/build_matlab.py:59: TypeError
_________________________ TestBuildPython.test_cl_arg __________________________

self = <gslab_scons.tests.test_build_python.TestBuildPython testMethod=test_cl_arg>
mock_check_output = <MagicMock name='check_output' id='4606986032'>

    @mock.patch('%s.subprocess.check_output' % path)
    def test_cl_arg(self, mock_check_output):
        mock_check_output.side_effect = fx.python_side_effect
>       helpers.test_cl_args(self, gs.build_python, mock_check_output, 'py')

/Users/btleyden/gslab_python/gslab_scons/tests/test_build_python.py:40: 
_ _ _ _ _ _ _ _ _ _ _ _ _ _ _ _ _ _ _ _ _ _ _ _ _ _ _ _ _ _ _ _ _ _ _ _ _ _ _ _ 
/Users/btleyden/gslab_python/gslab_scons/tests/_test_helpers.py:209: in test_cl_args
    test_object.assertEqual(len(args.split(' ')), 1)
E   AssertionError: 2 != 1
----------------------------- Captured stdout call -----------------------------
Running: python  -u test_script.py test > sconscript.log
____________________________ TestBuildR.test_cl_arg ____________________________
/Users/btleyden/gslab_python/env/lib/python3.8/site-packages/mock/mock.py:1343: in patched
    with self.decoration_helper(patched,
/usr/local/Cellar/python@3.8/3.8.6_2/Frameworks/Python.framework/Versions/3.8/lib/python3.8/contextlib.py:113: in __enter__
    return next(self.gen)
/Users/btleyden/gslab_python/env/lib/python3.8/site-packages/mock/mock.py:1325: in decoration_helper
    arg = exit_stack.enter_context(patching)
/usr/local/Cellar/python@3.8/3.8.6_2/Frameworks/Python.framework/Versions/3.8/lib/python3.8/contextlib.py:425: in enter_context
    result = _cm_type.__enter__(cm)
/Users/btleyden/gslab_python/env/lib/python3.8/site-packages/mock/mock.py:1398: in __enter__
    self.target = self.getter()
/Users/btleyden/gslab_python/env/lib/python3.8/site-packages/mock/mock.py:1573: in <lambda>
    getter = lambda: _importer(target)
/Users/btleyden/gslab_python/env/lib/python3.8/site-packages/mock/mock.py:1249: in _importer
    thing = _dot_lookup(thing, comp, import_path)
_ _ _ _ _ _ _ _ _ _ _ _ _ _ _ _ _ _ _ _ _ _ _ _ _ _ _ _ _ _ _ _ _ _ _ _ _ _ _ _ 

thing = <module 'gslab_scons.builders.build_r' from '/Users/btleyden/gslab_python/gslab_scons/builders/build_r.py'>
comp = 'subprocess', import_path = 'gslab_scons.builders.build_r.subprocess'

    def _dot_lookup(thing, comp, import_path):
        try:
            return getattr(thing, comp)
        except AttributeError:
>           __import__(import_path)
E           ModuleNotFoundError: No module named 'gslab_scons.builders.build_r.subprocess'; 'gslab_scons.builders.build_r' is not a package

/Users/btleyden/gslab_python/env/lib/python3.8/site-packages/mock/mock.py:1238: ModuleNotFoundError
________________________ TestBuildR.test_no_executable _________________________
/Users/btleyden/gslab_python/env/lib/python3.8/site-packages/mock/mock.py:1343: in patched
    with self.decoration_helper(patched,
/usr/local/Cellar/python@3.8/3.8.6_2/Frameworks/Python.framework/Versions/3.8/lib/python3.8/contextlib.py:113: in __enter__
    return next(self.gen)
/Users/btleyden/gslab_python/env/lib/python3.8/site-packages/mock/mock.py:1325: in decoration_helper
    arg = exit_stack.enter_context(patching)
/usr/local/Cellar/python@3.8/3.8.6_2/Frameworks/Python.framework/Versions/3.8/lib/python3.8/contextlib.py:425: in enter_context
    result = _cm_type.__enter__(cm)
/Users/btleyden/gslab_python/env/lib/python3.8/site-packages/mock/mock.py:1398: in __enter__
    self.target = self.getter()
/Users/btleyden/gslab_python/env/lib/python3.8/site-packages/mock/mock.py:1573: in <lambda>
    getter = lambda: _importer(target)
/Users/btleyden/gslab_python/env/lib/python3.8/site-packages/mock/mock.py:1249: in _importer
    thing = _dot_lookup(thing, comp, import_path)
_ _ _ _ _ _ _ _ _ _ _ _ _ _ _ _ _ _ _ _ _ _ _ _ _ _ _ _ _ _ _ _ _ _ _ _ _ _ _ _ 

thing = <module 'gslab_scons.builders.build_r' from '/Users/btleyden/gslab_python/gslab_scons/builders/build_r.py'>
comp = 'subprocess', import_path = 'gslab_scons.builders.build_r.subprocess'

    def _dot_lookup(thing, comp, import_path):
        try:
            return getattr(thing, comp)
        except AttributeError:
>           __import__(import_path)
E           ModuleNotFoundError: No module named 'gslab_scons.builders.build_r.subprocess'; 'gslab_scons.builders.build_r' is not a package

/Users/btleyden/gslab_python/env/lib/python3.8/site-packages/mock/mock.py:1238: ModuleNotFoundError
___________________________ TestBuildR.test_standard ___________________________
/Users/btleyden/gslab_python/env/lib/python3.8/site-packages/mock/mock.py:1343: in patched
    with self.decoration_helper(patched,
/usr/local/Cellar/python@3.8/3.8.6_2/Frameworks/Python.framework/Versions/3.8/lib/python3.8/contextlib.py:113: in __enter__
    return next(self.gen)
/Users/btleyden/gslab_python/env/lib/python3.8/site-packages/mock/mock.py:1325: in decoration_helper
    arg = exit_stack.enter_context(patching)
/usr/local/Cellar/python@3.8/3.8.6_2/Frameworks/Python.framework/Versions/3.8/lib/python3.8/contextlib.py:425: in enter_context
    result = _cm_type.__enter__(cm)
/Users/btleyden/gslab_python/env/lib/python3.8/site-packages/mock/mock.py:1398: in __enter__
    self.target = self.getter()
/Users/btleyden/gslab_python/env/lib/python3.8/site-packages/mock/mock.py:1573: in <lambda>
    getter = lambda: _importer(target)
/Users/btleyden/gslab_python/env/lib/python3.8/site-packages/mock/mock.py:1249: in _importer
    thing = _dot_lookup(thing, comp, import_path)
_ _ _ _ _ _ _ _ _ _ _ _ _ _ _ _ _ _ _ _ _ _ _ _ _ _ _ _ _ _ _ _ _ _ _ _ _ _ _ _ 

thing = <module 'gslab_scons.builders.build_r' from '/Users/btleyden/gslab_python/gslab_scons/builders/build_r.py'>
comp = 'subprocess', import_path = 'gslab_scons.builders.build_r.subprocess'

    def _dot_lookup(thing, comp, import_path):
        try:
            return getattr(thing, comp)
        except AttributeError:
>           __import__(import_path)
E           ModuleNotFoundError: No module named 'gslab_scons.builders.build_r.subprocess'; 'gslab_scons.builders.build_r' is not a package

/Users/btleyden/gslab_python/env/lib/python3.8/site-packages/mock/mock.py:1238: ModuleNotFoundError
______________________ TestBuildR.test_unintended_inputs _______________________
/Users/btleyden/gslab_python/env/lib/python3.8/site-packages/mock/mock.py:1343: in patched
    with self.decoration_helper(patched,
/usr/local/Cellar/python@3.8/3.8.6_2/Frameworks/Python.framework/Versions/3.8/lib/python3.8/contextlib.py:113: in __enter__
    return next(self.gen)
/Users/btleyden/gslab_python/env/lib/python3.8/site-packages/mock/mock.py:1325: in decoration_helper
    arg = exit_stack.enter_context(patching)
/usr/local/Cellar/python@3.8/3.8.6_2/Frameworks/Python.framework/Versions/3.8/lib/python3.8/contextlib.py:425: in enter_context
    result = _cm_type.__enter__(cm)
/Users/btleyden/gslab_python/env/lib/python3.8/site-packages/mock/mock.py:1398: in __enter__
    self.target = self.getter()
/Users/btleyden/gslab_python/env/lib/python3.8/site-packages/mock/mock.py:1573: in <lambda>
    getter = lambda: _importer(target)
/Users/btleyden/gslab_python/env/lib/python3.8/site-packages/mock/mock.py:1249: in _importer
    thing = _dot_lookup(thing, comp, import_path)
_ _ _ _ _ _ _ _ _ _ _ _ _ _ _ _ _ _ _ _ _ _ _ _ _ _ _ _ _ _ _ _ _ _ _ _ _ _ _ _ 

thing = <module 'gslab_scons.builders.build_r' from '/Users/btleyden/gslab_python/gslab_scons/builders/build_r.py'>
comp = 'subprocess', import_path = 'gslab_scons.builders.build_r.subprocess'

    def _dot_lookup(thing, comp, import_path):
        try:
            return getattr(thing, comp)
        except AttributeError:
>           __import__(import_path)
E           ModuleNotFoundError: No module named 'gslab_scons.builders.build_r.subprocess'; 'gslab_scons.builders.build_r' is not a package

/Users/btleyden/gslab_python/env/lib/python3.8/site-packages/mock/mock.py:1238: ModuleNotFoundError
___________________ TestBuildStata.test_bad_stata_executable ___________________

self = <gslab_scons.tests.test_build_stata.TestBuildStata testMethod=test_bad_stata_executable>

    def test_bad_stata_executable(self):
        env = {'stata_executable': 'bad_stata_executable'}
        with self.assertRaises(ExecCallError):
>           gs.build_stata(target = './test_output.txt',
                           source = './test_script.do',
                           env    = env)

/Users/btleyden/gslab_python/gslab_scons/tests/test_build_stata.py:113: 
_ _ _ _ _ _ _ _ _ _ _ _ _ _ _ _ _ _ _ _ _ _ _ _ _ _ _ _ _ _ _ _ _ _ _ _ _ _ _ _ 
/Users/btleyden/gslab_python/gslab_scons/builders/build_stata.py:29: in build_stata
    builder.execute_system_call()
/Users/btleyden/gslab_python/gslab_scons/builders/build_stata.py:79: in execute_system_call
    super(StataBuilder, self).execute_system_call()
/Users/btleyden/gslab_python/gslab_scons/builders/gslab_builder.py:120: in execute_system_call
    self.check_targets()
_ _ _ _ _ _ _ _ _ _ _ _ _ _ _ _ _ _ _ _ _ _ _ _ _ _ _ _ _ _ _ _ _ _ _ _ _ _ _ _ 

    def check_targets(self):
        '''
        Check that all elements of the target attribute after executing system call.
        '''
        missing_targets = [t for t in self.target if not os.path.isfile(t)]
        if missing_targets:
            missing_targets = '\n    '.join(missing_targets)
            message = 'The following target files do not exist after build:\n    %s' % missing_targets
>           raise TargetNonexistenceError(message)
E           gslab_scons._exception_classes.TargetNonexistenceError: The following target files do not exist after build:
E               ./test_output.txt

/Users/btleyden/gslab_python/gslab_scons/builders/gslab_builder.py:178: TargetNonexistenceError
----------------------------- Captured stdout call -----------------------------
Running: stata-mp  -e test_script.do 
_________________ TestBuildStata.test_stata_executable_windows _________________

self = <gslab_scons.builders.build_stata.StataBuilder object at 0x112990280>

    def do_call(self):
        '''
        Acutally execute the system call attribute.
        Raise an informative exception on error.
        '''
        try:
>           subprocess.check_output(self.system_call, shell = True, stderr = subprocess.STDOUT)

/Users/btleyden/gslab_python/gslab_scons/builders/gslab_builder.py:148: 
_ _ _ _ _ _ _ _ _ _ _ _ _ _ _ _ _ _ _ _ _ _ _ _ _ _ _ _ _ _ _ _ _ _ _ _ _ _ _ _ 

_mock_self = <MagicMock name='check_output' id='4607110688'>
args = ('StataMP-64.exe  /e do  test_script.do ',)
kwargs = {'shell': True, 'stderr': -2}

    def __call__(_mock_self, *args, **kwargs):
        # can't use self in-case a function / method we are mocking uses self
        # in the signature
        _mock_self._mock_check_sig(*args, **kwargs)
        _mock_self._increment_mock_call(*args, **kwargs)
>       return _mock_self._mock_call(*args, **kwargs)

/Users/btleyden/gslab_python/env/lib/python3.8/site-packages/mock/mock.py:1100: 
_ _ _ _ _ _ _ _ _ _ _ _ _ _ _ _ _ _ _ _ _ _ _ _ _ _ _ _ _ _ _ _ _ _ _ _ _ _ _ _ 

_mock_self = <MagicMock name='check_output' id='4607110688'>
args = ('StataMP-64.exe  /e do  test_script.do ',)
kwargs = {'shell': True, 'stderr': -2}

    def _mock_call(_mock_self, *args, **kwargs):
>       return _mock_self._execute_mock_call(*args, **kwargs)

/Users/btleyden/gslab_python/env/lib/python3.8/site-packages/mock/mock.py:1104: 
_ _ _ _ _ _ _ _ _ _ _ _ _ _ _ _ _ _ _ _ _ _ _ _ _ _ _ _ _ _ _ _ _ _ _ _ _ _ _ _ 

_mock_self = <MagicMock name='check_output' id='4607110688'>
args = ('StataMP-64.exe  /e do  test_script.do ',)
kwargs = {'shell': True, 'stderr': -2}
self = <MagicMock name='check_output' id='4607110688'>
effect = <function make_stata_side_effect.<locals>.stata_side_effect at 0x1129eb670>

    def _execute_mock_call(_mock_self, *args, **kwargs):
        self = _mock_self
        # separate from _increment_mock_call so that awaited functions are
        # executed separately from their call, also AsyncMock overrides this method
    
        effect = self.side_effect
        if effect is not None:
            if _is_exception(effect):
                raise effect
            elif not _callable(effect):
                result = next(effect)
                if _is_exception(result):
                    raise result
            else:
>               result = effect(*args, **kwargs)

/Users/btleyden/gslab_python/env/lib/python3.8/site-packages/mock/mock.py:1167: 
_ _ _ _ _ _ _ _ _ _ _ _ _ _ _ _ _ _ _ _ _ _ _ _ _ _ _ _ _ _ _ _ _ _ _ _ _ _ _ _ 

args = ('StataMP-64.exe  /e do  test_script.do ',)
kwargs = {'shell': True, 'stderr': -2}
command = 'StataMP-64.exe  /e do  test_script.do '
match = <re.Match object; span=(0, 38), match='StataMP-64.exe  /e do  test_script.do '>

    def stata_side_effect(*args, **kwargs):
        command = args[0]
        match   = helpers.command_match(command, 'stata')
    
        if match.group('executable') == recognized:
            # Find the Stata script's name
            script_name = match.group('source')
            stata_log   = os.path.basename(script_name).replace('.do', '.log')
    
            # Write a log
            with open(stata_log, 'w') as logfile:
                logfile.write('Test Stata log.\n')
            with open('./test_output.txt', 'w') as target:
                target.write('Test target')
    
        else:
            # Raise an error if the executable is not recognised.
>           raise subprocess.CalledProcessError(1, command)
E           subprocess.CalledProcessError: Command 'StataMP-64.exe  /e do  test_script.do ' returned non-zero exit status 1.

/Users/btleyden/gslab_python/gslab_scons/tests/_side_effects.py:118: CalledProcessError

During handling of the above exception, another exception occurred:

self = <gslab_scons.tests.test_build_stata.TestBuildStata testMethod=test_stata_executable_windows>
mock_check = <MagicMock name='check_output' id='4607110688'>

    @helpers.platform_patch('win32', path)
    @mock.patch('%s.subprocess.check_output' % path)
    def test_stata_executable_windows(self, mock_check):
        mock_check.side_effect = fx.make_stata_side_effect('stata-mp')
    
        env = {'stata_executable': 'stata-mp'}
>       helpers.standard_test(self, gs.build_stata, 'do',
                              env = env, system_mock = mock_check)

/Users/btleyden/gslab_python/gslab_scons/tests/test_build_stata.py:99: 
_ _ _ _ _ _ _ _ _ _ _ _ _ _ _ _ _ _ _ _ _ _ _ _ _ _ _ _ _ _ _ _ _ _ _ _ _ _ _ _ 
/Users/btleyden/gslab_python/gslab_scons/tests/_test_helpers.py:155: in standard_test
    builder(source = source, target = target, env = env)
/Users/btleyden/gslab_python/gslab_scons/builders/build_stata.py:29: in build_stata
    builder.execute_system_call()
/Users/btleyden/gslab_python/gslab_scons/builders/build_stata.py:79: in execute_system_call
    super(StataBuilder, self).execute_system_call()
/Users/btleyden/gslab_python/gslab_scons/builders/gslab_builder.py:119: in execute_system_call
    self.do_call()
/Users/btleyden/gslab_python/gslab_scons/builders/gslab_builder.py:150: in do_call
    self.raise_system_call_exception(traceback = ex.output)
_ _ _ _ _ _ _ _ _ _ _ _ _ _ _ _ _ _ _ _ _ _ _ _ _ _ _ _ _ _ _ _ _ _ _ _ _ _ _ _ 

self = <gslab_scons.builders.build_stata.StataBuilder object at 0x112990280>
command = 'StataMP-64.exe  /e do  test_script.do ', traceback = '\nNone'

    def raise_system_call_exception(self, command = '', traceback = ''):
        '''
        Create and raise an informative error message from failed system call.
        '''
        if not command:
            command = self.system_call
        traceback = str(traceback)
        traceback = '%s%s' % ('\n' * bool(traceback), traceback)
        message = '%s did not run successfully. ' \
                  'Please check that the executable, source, and target files are correctly specified. ' \
                  'Check %s and sconstruct.log for errors. ' \
                  '\nCommand tried: %s%s' % (self.name, self.log_file, command, traceback)
>       raise ExecCallError(message)
E       gslab_scons._exception_classes.ExecCallError: Stata did not run successfully. Please check that the executable, source, and target files are correctly specified. Check test_script.log and sconstruct.log for errors. 
E       Command tried: StataMP-64.exe  /e do  test_script.do 
E       None

/Users/btleyden/gslab_python/gslab_scons/builders/gslab_builder.py:166: ExecCallError
----------------------------- Captured stdout call -----------------------------
Running: StataMP-64.exe  /e do  test_script.do 
Error: Stata did not run successfully. Please check that the executable, source, and target files are correctly specified. Check test_script.log and sconstruct.log for errors. 
Command tried: StataMP-64.exe  /e do  test_script.do 
None
__________________ TestBuildStata.test_unavailable_executable __________________

self = <gslab_scons.tests.test_build_stata.TestBuildStata testMethod=test_unavailable_executable>
mock_check = <MagicMock name='check_output' id='4607188896'>

    @mock.patch('%s.subprocess.check_output' % path)
    def test_unavailable_executable(self, mock_check):
        '''
        Test build_stata()'s behaviour when a Stata executable that
        isn't recognised is specified.
        '''
        mock_check.side_effect = fx.make_stata_side_effect('stata-mp')
    
        env = {'stata_executable' : 'stata-se'}
        with self.assertRaises(ExecCallError):
>           gs.build_stata(target = './build/stata.dta',
                           source = './input/stata_test_script.do',
                           env    = env)

/Users/btleyden/gslab_python/gslab_scons/tests/test_build_stata.py:149: 
_ _ _ _ _ _ _ _ _ _ _ _ _ _ _ _ _ _ _ _ _ _ _ _ _ _ _ _ _ _ _ _ _ _ _ _ _ _ _ _ 
/Users/btleyden/gslab_python/gslab_scons/builders/build_stata.py:29: in build_stata
    builder.execute_system_call()
/Users/btleyden/gslab_python/gslab_scons/builders/build_stata.py:79: in execute_system_call
    super(StataBuilder, self).execute_system_call()
/Users/btleyden/gslab_python/gslab_scons/builders/gslab_builder.py:120: in execute_system_call
    self.check_targets()
_ _ _ _ _ _ _ _ _ _ _ _ _ _ _ _ _ _ _ _ _ _ _ _ _ _ _ _ _ _ _ _ _ _ _ _ _ _ _ _ 

    def check_targets(self):
        '''
        Check that all elements of the target attribute after executing system call.
        '''
        missing_targets = [t for t in self.target if not os.path.isfile(t)]
        if missing_targets:
            missing_targets = '\n    '.join(missing_targets)
            message = 'The following target files do not exist after build:\n    %s' % missing_targets
>           raise TargetNonexistenceError(message)
E           gslab_scons._exception_classes.TargetNonexistenceError: The following target files do not exist after build:
E               ./build/stata.dta

/Users/btleyden/gslab_python/gslab_scons/builders/gslab_builder.py:178: TargetNonexistenceError
----------------------------- Captured stdout call -----------------------------
Running: stata-mp  -e input/stata_test_script.do 
__________________ TestBuildTables.test_default_string_target __________________

self = <gslab_scons.tests.test_build_tables.TestBuildTables testMethod=test_default_string_target>
mock_tablefill = <MagicMock name='tablefill' id='4606810912'>

    @mock.patch('gslab_scons.builders.build_tables.tablefill')
    def test_default_string_target(self, mock_tablefill):
        '''
        Test that build_tables() constructs LyX tables correctly when
        its target argument is a string.
        '''
        mock_tablefill.side_effect = self.table_fill_side_effect
        source = ['./input/tablefill_template.lyx',
                  './input/tables_appendix.txt',
                  './input/tables_appendix_two.txt']
        target = './build/tablefill_template_filled.lyx'
>       gs.build_tables(target, source, {})

/Users/btleyden/gslab_python/gslab_scons/tests/test_build_tables.py:96: 
_ _ _ _ _ _ _ _ _ _ _ _ _ _ _ _ _ _ _ _ _ _ _ _ _ _ _ _ _ _ _ _ _ _ _ _ _ _ _ _ 
/Users/btleyden/gslab_python/gslab_scons/builders/build_tables.py:31: in build_tables
    builder.execute_system_call()
/Users/btleyden/gslab_python/gslab_scons/builders/gslab_builder.py:120: in execute_system_call
    self.check_targets()
_ _ _ _ _ _ _ _ _ _ _ _ _ _ _ _ _ _ _ _ _ _ _ _ _ _ _ _ _ _ _ _ _ _ _ _ _ _ _ _ 

self = <gslab_scons.builders.build_tables.TableBuilder object at 0x112965580>

    def check_targets(self):
        '''
        Check that all elements of the target attribute after executing system call.
        '''
        missing_targets = [t for t in self.target if not os.path.isfile(t)]
        if missing_targets:
            missing_targets = '\n    '.join(missing_targets)
            message = 'The following target files do not exist after build:\n    %s' % missing_targets
>           raise TargetNonexistenceError(message)
E           gslab_scons._exception_classes.TargetNonexistenceError: The following target files do not exist after build:
E               ./build/tablefill_template_filled.lyx

/Users/btleyden/gslab_python/gslab_scons/builders/gslab_builder.py:178: TargetNonexistenceError
----------------------------- Captured stdout call -----------------------------
Running:  -interaction nonstopmode -jobname None
________________________ TestBuildTables.test_standard _________________________

self = <gslab_scons.tests.test_build_tables.TestBuildTables testMethod=test_standard>
mock_tablefill = <MagicMock name='tablefill' id='4608326144'>

    @mock.patch('gslab_scons.builders.build_tables.tablefill')
    def test_standard(self, mock_tablefill):
        '''
        Test that build_tables() correctly prepares and passes
        inputs to the gslab_fill.tablefill() function
        '''
    
        mock_tablefill.side_effect = self.table_fill_side_effect
        # Specify the sources and the target arguments of build_tables()
        source = ['./input/tablefill_template.lyx',
                  './input/tables_appendix.txt',
                  './input/tables_appendix.txt']
        target = ['./build/tablefill_template_filled.lyx']
    
        # Call build_tables() and check that it behaved as expected.
>       gs.build_tables(target, source, {})

/Users/btleyden/gslab_python/gslab_scons/tests/test_build_tables.py:45: 
_ _ _ _ _ _ _ _ _ _ _ _ _ _ _ _ _ _ _ _ _ _ _ _ _ _ _ _ _ _ _ _ _ _ _ _ _ _ _ _ 
/Users/btleyden/gslab_python/gslab_scons/builders/build_tables.py:31: in build_tables
    builder.execute_system_call()
/Users/btleyden/gslab_python/gslab_scons/builders/gslab_builder.py:120: in execute_system_call
    self.check_targets()
_ _ _ _ _ _ _ _ _ _ _ _ _ _ _ _ _ _ _ _ _ _ _ _ _ _ _ _ _ _ _ _ _ _ _ _ _ _ _ _ 

self = <gslab_scons.builders.build_tables.TableBuilder object at 0x112ad7f10>

    def check_targets(self):
        '''
        Check that all elements of the target attribute after executing system call.
        '''
        missing_targets = [t for t in self.target if not os.path.isfile(t)]
        if missing_targets:
            missing_targets = '\n    '.join(missing_targets)
            message = 'The following target files do not exist after build:\n    %s' % missing_targets
>           raise TargetNonexistenceError(message)
E           gslab_scons._exception_classes.TargetNonexistenceError: The following target files do not exist after build:
E               ./build/tablefill_template_filled.lyx

/Users/btleyden/gslab_python/gslab_scons/builders/gslab_builder.py:178: TargetNonexistenceError
----------------------------- Captured stdout call -----------------------------
Running:  -interaction nonstopmode -jobname None
____________________ TestBuildTables.test_target_extension _____________________

self = <gslab_scons.tests.test_build_tables.TestBuildTables testMethod=test_target_extension>

    def test_target_extension(self):
        '''Test that build_tables() recognises an inappropriate file extension'''
    
        # Specify the sources and the target.
        source = ['./input/tablefill_template.lyx',
                  './input/tables_appendix.txt',
                  './input/tables_appendix_two.txt']
        target =  './build/tablefill_template_filled.BAD'
    
        # Calling build_tables() with a target argument whose file extension
        # is unexpected should raise a BadExtensionError.
        with self.assertRaises(BadExtensionError), nostderrout():
>           gs.build_tables(target, source, '')

/Users/btleyden/gslab_python/gslab_scons/tests/test_build_tables.py:126: 
_ _ _ _ _ _ _ _ _ _ _ _ _ _ _ _ _ _ _ _ _ _ _ _ _ _ _ _ _ _ _ _ _ _ _ _ _ _ _ _ 
/Users/btleyden/gslab_python/gslab_scons/builders/build_tables.py:30: in build_tables
    builder = TableBuilder(target, source, env, **builder_attributes)
/Users/btleyden/gslab_python/gslab_scons/builders/build_tables.py:40: in __init__
    super(TableBuilder, self).__init__(target, source, env, name = name,
_ _ _ _ _ _ _ _ _ _ _ _ _ _ _ _ _ _ _ _ _ _ _ _ _ _ _ _ _ _ _ _ _ _ _ _ _ _ _ _ 

    def __init__(self, target, source, env, name = 'GSLab Builder',
                 valid_extensions = [], exec_opts = ''):
        '''
        Fill builder with information about build step.
    
        Parameters
        ----------
        target: string or list
            The target(s) of the SCons command.
        source: string or list
            The source(s) of the SCons command. The first source specified
            should be the script that the builder is intended to execute.
        env: SCons construction environment, see SCons user guide 7.2
        name: string
            Name of builder-type. Use to refer to builder in error messages and env.
        valid_extensions: iterable
            Valid (case-insensitive) extensions for first element of source list.
        default_exec: string
            Executable used to execute first element of source list.
            Override by passing value through env.
        exec_opts: string
            Options used to execute first element of source list.
        '''
        # Store keyword args
        self.name             = name
        self.valid_extensions = valid_extensions
        self.exec_opts        = exec_opts
        # Build system call and store components
        self.add_source_file(source)
        self.target           = [str(t) for t in misc.make_list_if_string(target)]
        self.target_dir       = misc.get_directory(self.target[0])
        if 'executable_names' not in env:
>           env['executable_names'] = {}
E           TypeError: 'str' object does not support item assignment

/Users/btleyden/gslab_python/gslab_scons/builders/gslab_builder.py:47: TypeError
____________________ TestConfigurationTests.test_check_lfs _____________________

thing = <module 'gslab_scons' from '/Users/btleyden/gslab_python/gslab_scons/__init__.py'>
comp = 'configuration_tests', import_path = 'gslab_scons.configuration_tests'

    def _dot_lookup(thing, comp, import_path):
        try:
>           return getattr(thing, comp)
E           AttributeError: module 'gslab_scons' has no attribute 'configuration_tests'

/Users/btleyden/gslab_python/env/lib/python3.8/site-packages/mock/mock.py:1236: AttributeError

During handling of the above exception, another exception occurred:
/Users/btleyden/gslab_python/env/lib/python3.8/site-packages/mock/mock.py:1343: in patched
    with self.decoration_helper(patched,
/usr/local/Cellar/python@3.8/3.8.6_2/Frameworks/Python.framework/Versions/3.8/lib/python3.8/contextlib.py:113: in __enter__
    return next(self.gen)
/Users/btleyden/gslab_python/env/lib/python3.8/site-packages/mock/mock.py:1325: in decoration_helper
    arg = exit_stack.enter_context(patching)
/usr/local/Cellar/python@3.8/3.8.6_2/Frameworks/Python.framework/Versions/3.8/lib/python3.8/contextlib.py:425: in enter_context
    result = _cm_type.__enter__(cm)
/Users/btleyden/gslab_python/env/lib/python3.8/site-packages/mock/mock.py:1398: in __enter__
    self.target = self.getter()
/Users/btleyden/gslab_python/env/lib/python3.8/site-packages/mock/mock.py:1573: in <lambda>
    getter = lambda: _importer(target)
/Users/btleyden/gslab_python/env/lib/python3.8/site-packages/mock/mock.py:1249: in _importer
    thing = _dot_lookup(thing, comp, import_path)
_ _ _ _ _ _ _ _ _ _ _ _ _ _ _ _ _ _ _ _ _ _ _ _ _ _ _ _ _ _ _ _ _ _ _ _ _ _ _ _ 

thing = <module 'gslab_scons' from '/Users/btleyden/gslab_python/gslab_scons/__init__.py'>
comp = 'configuration_tests', import_path = 'gslab_scons.configuration_tests'

    def _dot_lookup(thing, comp, import_path):
        try:
            return getattr(thing, comp)
        except AttributeError:
>           __import__(import_path)
E           ModuleNotFoundError: No module named 'gslab_scons.configuration_tests'

/Users/btleyden/gslab_python/env/lib/python3.8/site-packages/mock/mock.py:1238: ModuleNotFoundError
____________________ TestConfigurationTests.test_check_lyx _____________________

thing = <module 'gslab_scons' from '/Users/btleyden/gslab_python/gslab_scons/__init__.py'>
comp = 'configuration_tests', import_path = 'gslab_scons.configuration_tests'

    def _dot_lookup(thing, comp, import_path):
        try:
>           return getattr(thing, comp)
E           AttributeError: module 'gslab_scons' has no attribute 'configuration_tests'

/Users/btleyden/gslab_python/env/lib/python3.8/site-packages/mock/mock.py:1236: AttributeError

During handling of the above exception, another exception occurred:
/Users/btleyden/gslab_python/env/lib/python3.8/site-packages/mock/mock.py:1343: in patched
    with self.decoration_helper(patched,
/usr/local/Cellar/python@3.8/3.8.6_2/Frameworks/Python.framework/Versions/3.8/lib/python3.8/contextlib.py:113: in __enter__
    return next(self.gen)
/Users/btleyden/gslab_python/env/lib/python3.8/site-packages/mock/mock.py:1325: in decoration_helper
    arg = exit_stack.enter_context(patching)
/usr/local/Cellar/python@3.8/3.8.6_2/Frameworks/Python.framework/Versions/3.8/lib/python3.8/contextlib.py:425: in enter_context
    result = _cm_type.__enter__(cm)
/Users/btleyden/gslab_python/env/lib/python3.8/site-packages/mock/mock.py:1398: in __enter__
    self.target = self.getter()
/Users/btleyden/gslab_python/env/lib/python3.8/site-packages/mock/mock.py:1573: in <lambda>
    getter = lambda: _importer(target)
/Users/btleyden/gslab_python/env/lib/python3.8/site-packages/mock/mock.py:1249: in _importer
    thing = _dot_lookup(thing, comp, import_path)
_ _ _ _ _ _ _ _ _ _ _ _ _ _ _ _ _ _ _ _ _ _ _ _ _ _ _ _ _ _ _ _ _ _ _ _ _ _ _ _ 

thing = <module 'gslab_scons' from '/Users/btleyden/gslab_python/gslab_scons/__init__.py'>
comp = 'configuration_tests', import_path = 'gslab_scons.configuration_tests'

    def _dot_lookup(thing, comp, import_path):
        try:
            return getattr(thing, comp)
        except AttributeError:
>           __import__(import_path)
E           ModuleNotFoundError: No module named 'gslab_scons.configuration_tests'

/Users/btleyden/gslab_python/env/lib/python3.8/site-packages/mock/mock.py:1238: ModuleNotFoundError
___________________ TestConfigurationTests.test_check_python ___________________

thing = <module 'gslab_scons' from '/Users/btleyden/gslab_python/gslab_scons/__init__.py'>
comp = 'configuration_tests', import_path = 'gslab_scons.configuration_tests'

    def _dot_lookup(thing, comp, import_path):
        try:
>           return getattr(thing, comp)
E           AttributeError: module 'gslab_scons' has no attribute 'configuration_tests'

/Users/btleyden/gslab_python/env/lib/python3.8/site-packages/mock/mock.py:1236: AttributeError

During handling of the above exception, another exception occurred:
/Users/btleyden/gslab_python/env/lib/python3.8/site-packages/mock/mock.py:1343: in patched
    with self.decoration_helper(patched,
/usr/local/Cellar/python@3.8/3.8.6_2/Frameworks/Python.framework/Versions/3.8/lib/python3.8/contextlib.py:113: in __enter__
    return next(self.gen)
/Users/btleyden/gslab_python/env/lib/python3.8/site-packages/mock/mock.py:1325: in decoration_helper
    arg = exit_stack.enter_context(patching)
/usr/local/Cellar/python@3.8/3.8.6_2/Frameworks/Python.framework/Versions/3.8/lib/python3.8/contextlib.py:425: in enter_context
    result = _cm_type.__enter__(cm)
/Users/btleyden/gslab_python/env/lib/python3.8/site-packages/mock/mock.py:1398: in __enter__
    self.target = self.getter()
/Users/btleyden/gslab_python/env/lib/python3.8/site-packages/mock/mock.py:1573: in <lambda>
    getter = lambda: _importer(target)
/Users/btleyden/gslab_python/env/lib/python3.8/site-packages/mock/mock.py:1249: in _importer
    thing = _dot_lookup(thing, comp, import_path)
_ _ _ _ _ _ _ _ _ _ _ _ _ _ _ _ _ _ _ _ _ _ _ _ _ _ _ _ _ _ _ _ _ _ _ _ _ _ _ _ 

thing = <module 'gslab_scons' from '/Users/btleyden/gslab_python/gslab_scons/__init__.py'>
comp = 'configuration_tests', import_path = 'gslab_scons.configuration_tests'

    def _dot_lookup(thing, comp, import_path):
        try:
            return getattr(thing, comp)
        except AttributeError:
>           __import__(import_path)
E           ModuleNotFoundError: No module named 'gslab_scons.configuration_tests'

/Users/btleyden/gslab_python/env/lib/python3.8/site-packages/mock/mock.py:1238: ModuleNotFoundError
______________ TestConfigurationTests.test_check_python_packages _______________

thing = <module 'gslab_scons' from '/Users/btleyden/gslab_python/gslab_scons/__init__.py'>
comp = 'configuration_tests', import_path = 'gslab_scons.configuration_tests'

    def _dot_lookup(thing, comp, import_path):
        try:
>           return getattr(thing, comp)
E           AttributeError: module 'gslab_scons' has no attribute 'configuration_tests'

/Users/btleyden/gslab_python/env/lib/python3.8/site-packages/mock/mock.py:1236: AttributeError

During handling of the above exception, another exception occurred:
/Users/btleyden/gslab_python/env/lib/python3.8/site-packages/mock/mock.py:1343: in patched
    with self.decoration_helper(patched,
/usr/local/Cellar/python@3.8/3.8.6_2/Frameworks/Python.framework/Versions/3.8/lib/python3.8/contextlib.py:113: in __enter__
    return next(self.gen)
/Users/btleyden/gslab_python/env/lib/python3.8/site-packages/mock/mock.py:1325: in decoration_helper
    arg = exit_stack.enter_context(patching)
/usr/local/Cellar/python@3.8/3.8.6_2/Frameworks/Python.framework/Versions/3.8/lib/python3.8/contextlib.py:425: in enter_context
    result = _cm_type.__enter__(cm)
/Users/btleyden/gslab_python/env/lib/python3.8/site-packages/mock/mock.py:1398: in __enter__
    self.target = self.getter()
/Users/btleyden/gslab_python/env/lib/python3.8/site-packages/mock/mock.py:1573: in <lambda>
    getter = lambda: _importer(target)
/Users/btleyden/gslab_python/env/lib/python3.8/site-packages/mock/mock.py:1249: in _importer
    thing = _dot_lookup(thing, comp, import_path)
_ _ _ _ _ _ _ _ _ _ _ _ _ _ _ _ _ _ _ _ _ _ _ _ _ _ _ _ _ _ _ _ _ _ _ _ _ _ _ _ 

thing = <module 'gslab_scons' from '/Users/btleyden/gslab_python/gslab_scons/__init__.py'>
comp = 'configuration_tests', import_path = 'gslab_scons.configuration_tests'

    def _dot_lookup(thing, comp, import_path):
        try:
            return getattr(thing, comp)
        except AttributeError:
>           __import__(import_path)
E           ModuleNotFoundError: No module named 'gslab_scons.configuration_tests'

/Users/btleyden/gslab_python/env/lib/python3.8/site-packages/mock/mock.py:1238: ModuleNotFoundError
_____________________ TestConfigurationTests.test_check_r ______________________

thing = <module 'gslab_scons' from '/Users/btleyden/gslab_python/gslab_scons/__init__.py'>
comp = 'configuration_tests', import_path = 'gslab_scons.configuration_tests'

    def _dot_lookup(thing, comp, import_path):
        try:
>           return getattr(thing, comp)
E           AttributeError: module 'gslab_scons' has no attribute 'configuration_tests'

/Users/btleyden/gslab_python/env/lib/python3.8/site-packages/mock/mock.py:1236: AttributeError

During handling of the above exception, another exception occurred:
/Users/btleyden/gslab_python/env/lib/python3.8/site-packages/mock/mock.py:1343: in patched
    with self.decoration_helper(patched,
/usr/local/Cellar/python@3.8/3.8.6_2/Frameworks/Python.framework/Versions/3.8/lib/python3.8/contextlib.py:113: in __enter__
    return next(self.gen)
/Users/btleyden/gslab_python/env/lib/python3.8/site-packages/mock/mock.py:1325: in decoration_helper
    arg = exit_stack.enter_context(patching)
/usr/local/Cellar/python@3.8/3.8.6_2/Frameworks/Python.framework/Versions/3.8/lib/python3.8/contextlib.py:425: in enter_context
    result = _cm_type.__enter__(cm)
/Users/btleyden/gslab_python/env/lib/python3.8/site-packages/mock/mock.py:1398: in __enter__
    self.target = self.getter()
/Users/btleyden/gslab_python/env/lib/python3.8/site-packages/mock/mock.py:1573: in <lambda>
    getter = lambda: _importer(target)
/Users/btleyden/gslab_python/env/lib/python3.8/site-packages/mock/mock.py:1249: in _importer
    thing = _dot_lookup(thing, comp, import_path)
_ _ _ _ _ _ _ _ _ _ _ _ _ _ _ _ _ _ _ _ _ _ _ _ _ _ _ _ _ _ _ _ _ _ _ _ _ _ _ _ 

thing = <module 'gslab_scons' from '/Users/btleyden/gslab_python/gslab_scons/__init__.py'>
comp = 'configuration_tests', import_path = 'gslab_scons.configuration_tests'

    def _dot_lookup(thing, comp, import_path):
        try:
            return getattr(thing, comp)
        except AttributeError:
>           __import__(import_path)
E           ModuleNotFoundError: No module named 'gslab_scons.configuration_tests'

/Users/btleyden/gslab_python/env/lib/python3.8/site-packages/mock/mock.py:1238: ModuleNotFoundError
_________________ TestConfigurationTests.test_check_r_packages _________________

thing = <module 'gslab_scons' from '/Users/btleyden/gslab_python/gslab_scons/__init__.py'>
comp = 'configuration_tests', import_path = 'gslab_scons.configuration_tests'

    def _dot_lookup(thing, comp, import_path):
        try:
>           return getattr(thing, comp)
E           AttributeError: module 'gslab_scons' has no attribute 'configuration_tests'

/Users/btleyden/gslab_python/env/lib/python3.8/site-packages/mock/mock.py:1236: AttributeError

During handling of the above exception, another exception occurred:
/Users/btleyden/gslab_python/env/lib/python3.8/site-packages/mock/mock.py:1343: in patched
    with self.decoration_helper(patched,
/usr/local/Cellar/python@3.8/3.8.6_2/Frameworks/Python.framework/Versions/3.8/lib/python3.8/contextlib.py:113: in __enter__
    return next(self.gen)
/Users/btleyden/gslab_python/env/lib/python3.8/site-packages/mock/mock.py:1325: in decoration_helper
    arg = exit_stack.enter_context(patching)
/usr/local/Cellar/python@3.8/3.8.6_2/Frameworks/Python.framework/Versions/3.8/lib/python3.8/contextlib.py:425: in enter_context
    result = _cm_type.__enter__(cm)
/Users/btleyden/gslab_python/env/lib/python3.8/site-packages/mock/mock.py:1398: in __enter__
    self.target = self.getter()
/Users/btleyden/gslab_python/env/lib/python3.8/site-packages/mock/mock.py:1573: in <lambda>
    getter = lambda: _importer(target)
/Users/btleyden/gslab_python/env/lib/python3.8/site-packages/mock/mock.py:1249: in _importer
    thing = _dot_lookup(thing, comp, import_path)
_ _ _ _ _ _ _ _ _ _ _ _ _ _ _ _ _ _ _ _ _ _ _ _ _ _ _ _ _ _ _ _ _ _ _ _ _ _ _ _ 

thing = <module 'gslab_scons' from '/Users/btleyden/gslab_python/gslab_scons/__init__.py'>
comp = 'configuration_tests', import_path = 'gslab_scons.configuration_tests'

    def _dot_lookup(thing, comp, import_path):
        try:
            return getattr(thing, comp)
        except AttributeError:
>           __import__(import_path)
E           ModuleNotFoundError: No module named 'gslab_scons.configuration_tests'

/Users/btleyden/gslab_python/env/lib/python3.8/site-packages/mock/mock.py:1238: ModuleNotFoundError
___________________ TestConfigurationTests.test_check_stata ____________________

thing = <module 'gslab_scons' from '/Users/btleyden/gslab_python/gslab_scons/__init__.py'>
comp = 'configuration_tests', import_path = 'gslab_scons.configuration_tests'

    def _dot_lookup(thing, comp, import_path):
        try:
>           return getattr(thing, comp)
E           AttributeError: module 'gslab_scons' has no attribute 'configuration_tests'

/Users/btleyden/gslab_python/env/lib/python3.8/site-packages/mock/mock.py:1236: AttributeError

During handling of the above exception, another exception occurred:
/Users/btleyden/gslab_python/env/lib/python3.8/site-packages/mock/mock.py:1343: in patched
    with self.decoration_helper(patched,
/usr/local/Cellar/python@3.8/3.8.6_2/Frameworks/Python.framework/Versions/3.8/lib/python3.8/contextlib.py:113: in __enter__
    return next(self.gen)
/Users/btleyden/gslab_python/env/lib/python3.8/site-packages/mock/mock.py:1325: in decoration_helper
    arg = exit_stack.enter_context(patching)
/usr/local/Cellar/python@3.8/3.8.6_2/Frameworks/Python.framework/Versions/3.8/lib/python3.8/contextlib.py:425: in enter_context
    result = _cm_type.__enter__(cm)
/Users/btleyden/gslab_python/env/lib/python3.8/site-packages/mock/mock.py:1398: in __enter__
    self.target = self.getter()
/Users/btleyden/gslab_python/env/lib/python3.8/site-packages/mock/mock.py:1573: in <lambda>
    getter = lambda: _importer(target)
/Users/btleyden/gslab_python/env/lib/python3.8/site-packages/mock/mock.py:1249: in _importer
    thing = _dot_lookup(thing, comp, import_path)
_ _ _ _ _ _ _ _ _ _ _ _ _ _ _ _ _ _ _ _ _ _ _ _ _ _ _ _ _ _ _ _ _ _ _ _ _ _ _ _ 

thing = <module 'gslab_scons' from '/Users/btleyden/gslab_python/gslab_scons/__init__.py'>
comp = 'configuration_tests', import_path = 'gslab_scons.configuration_tests'

    def _dot_lookup(thing, comp, import_path):
        try:
            return getattr(thing, comp)
        except AttributeError:
>           __import__(import_path)
E           ModuleNotFoundError: No module named 'gslab_scons.configuration_tests'

/Users/btleyden/gslab_python/env/lib/python3.8/site-packages/mock/mock.py:1238: ModuleNotFoundError
_______________ TestConfigurationTests.test_check_stata_packages _______________

thing = <module 'gslab_scons' from '/Users/btleyden/gslab_python/gslab_scons/__init__.py'>
comp = 'configuration_tests', import_path = 'gslab_scons.configuration_tests'

    def _dot_lookup(thing, comp, import_path):
        try:
>           return getattr(thing, comp)
E           AttributeError: module 'gslab_scons' has no attribute 'configuration_tests'

/Users/btleyden/gslab_python/env/lib/python3.8/site-packages/mock/mock.py:1236: AttributeError

During handling of the above exception, another exception occurred:
/Users/btleyden/gslab_python/env/lib/python3.8/site-packages/mock/mock.py:1343: in patched
    with self.decoration_helper(patched,
/usr/local/Cellar/python@3.8/3.8.6_2/Frameworks/Python.framework/Versions/3.8/lib/python3.8/contextlib.py:113: in __enter__
    return next(self.gen)
/Users/btleyden/gslab_python/env/lib/python3.8/site-packages/mock/mock.py:1325: in decoration_helper
    arg = exit_stack.enter_context(patching)
/usr/local/Cellar/python@3.8/3.8.6_2/Frameworks/Python.framework/Versions/3.8/lib/python3.8/contextlib.py:425: in enter_context
    result = _cm_type.__enter__(cm)
/Users/btleyden/gslab_python/env/lib/python3.8/site-packages/mock/mock.py:1398: in __enter__
    self.target = self.getter()
/Users/btleyden/gslab_python/env/lib/python3.8/site-packages/mock/mock.py:1573: in <lambda>
    getter = lambda: _importer(target)
/Users/btleyden/gslab_python/env/lib/python3.8/site-packages/mock/mock.py:1249: in _importer
    thing = _dot_lookup(thing, comp, import_path)
_ _ _ _ _ _ _ _ _ _ _ _ _ _ _ _ _ _ _ _ _ _ _ _ _ _ _ _ _ _ _ _ _ _ _ _ _ _ _ _ 

thing = <module 'gslab_scons' from '/Users/btleyden/gslab_python/gslab_scons/__init__.py'>
comp = 'configuration_tests', import_path = 'gslab_scons.configuration_tests'

    def _dot_lookup(thing, comp, import_path):
        try:
            return getattr(thing, comp)
        except AttributeError:
>           __import__(import_path)
E           ModuleNotFoundError: No module named 'gslab_scons.configuration_tests'

/Users/btleyden/gslab_python/env/lib/python3.8/site-packages/mock/mock.py:1238: ModuleNotFoundError
____________ TestConfigurationTests.test_convert_packages_argument _____________

self = <gslab_scons.tests.test_configuration_tests.TestConfigurationTests testMethod=test_convert_packages_argument>

    def test_convert_packages_argument(self):
        arg = ['test']
>       self.assertEqual(config_tests.convert_packages_argument(arg),    arg)
E       AttributeError: module 'gslab_scons.tests.test_configuration_tests' has no attribute 'convert_packages_argument'

/Users/btleyden/gslab_python/gslab_scons/tests/test_configuration_tests.py:90: AttributeError
__________________________ TestLog.test_log_timestamp __________________________

self = <gslab_scons.tests.test_log.TestLog testMethod=test_log_timestamp>

    def test_log_timestamp(self):
        '''Test that log_timestamp() correctly adds start/end times to a log'''
        # Write the test log file and use log_timestamp() to add
        # stand-in starting and ending time messages.
        with open('test.txt', 'w') as f:
            f.write('TEST CONTENT')
>       gs.log_timestamp('test_time_start', 'test_time_end', 'test.txt')
E       AttributeError: module 'gslab_scons.log' has no attribute 'log_timestamp'

/Users/btleyden/gslab_python/gslab_scons/tests/test_log.py:168: AttributeError
____________________ TestLog.test_start_log_open_on_windows ____________________

self = <gslab_scons.tests.test_log.TestLog testMethod=test_start_log_open_on_windows>
mock_open = <MagicMock name='open' id='4607158160'>
mock_popen = <MagicMock name='popen' id='4606694112'>

    @helpers.platform_patch('win32', path)
    @mock.patch('gslab_scons.log.os.popen')
    @mock.patch('gslab_scons.log.open')
    def test_start_log_open_on_windows(self, mock_open, mock_popen):
        '''
        Test that start_log() uses open() to initialise its log
        on Windows machines.
        '''
>       gs.start_log(mode = 'develop', vers = '')
E       TypeError: start_log() got an unexpected keyword argument 'vers'

/Users/btleyden/gslab_python/gslab_scons/tests/test_log.py:99: TypeError
_______________________ TestLog.test_start_log_other_os ________________________

self = <gslab_scons.tests.test_log.TestLog testMethod=test_start_log_other_os>

    @helpers.platform_patch('cygwin', path)
    def test_start_log_other_os(self):
        '''
        Test start_log()'s behaviour when run on a platform other
        than Windows, Darwin, or Linux.
        (We don't expect it to change sys.stdout, but we expect it
        to set sys.stderr to sys.stdout.)
        '''
        initial_stderr = sys.stderr
        initial_stdout = sys.stdout
>       gs.start_log(mode = 'develop', vers = '')
E       TypeError: start_log() got an unexpected keyword argument 'vers'

/Users/btleyden/gslab_python/gslab_scons/tests/test_log.py:116: TypeError
_____________________ TestLog.test_start_log_popen_on_unix _____________________

self = <gslab_scons.tests.test_log.TestLog testMethod=test_start_log_popen_on_unix>
mock_open = <MagicMock name='open' id='4607095040'>
mock_popen = <MagicMock name='popen' id='4607405264'>

    @helpers.platform_patch('darwin', path)
    @mock.patch('gslab_scons.log.os.popen')
    @mock.patch('gslab_scons.log.open')
    def test_start_log_popen_on_unix(self, mock_open, mock_popen):
        '''
        Test that start_log() uses popen() to initialise its log
        on Unix machines.
        '''
>       gs.start_log(mode = 'develop', vers = '')
E       TypeError: start_log() got an unexpected keyword argument 'vers'

/Users/btleyden/gslab_python/gslab_scons/tests/test_log.py:65: TypeError
____________________ TestLog.test_start_log_stdout_on_unix _____________________

self = <gslab_scons.tests.test_log.TestLog testMethod=test_start_log_stdout_on_unix>

    @helpers.platform_patch('darwin', path)
    def test_start_log_stdout_on_unix(self):
        '''
        Test that start_log() leads stdout to be captured in
        a log file on Unix machines.
        '''
        # Save the initial standard output
        initial_stdout = sys.stdout
        test = "Test message"
        # Call start_log(), which redirects standard output to a log
>       gs.start_log(mode = 'develop', vers = '')
E       TypeError: start_log() got an unexpected keyword argument 'vers'

/Users/btleyden/gslab_python/gslab_scons/tests/test_log.py:42: TypeError
___________________ TestLog.test_start_log_stdout_on_windows ___________________

self = <gslab_scons.tests.test_log.TestLog testMethod=test_start_log_stdout_on_windows>

    @helpers.platform_patch('win32', path)
    def test_start_log_stdout_on_windows(self):
        '''
        Test that start_log() leads stdout to be captured in
        a log file on Windows machines.
        '''
        initial_stdout = sys.stdout
        test = "Test message"
    
>       gs.start_log(mode = 'develop', vers = '')
E       TypeError: start_log() got an unexpected keyword argument 'vers'

/Users/btleyden/gslab_python/gslab_scons/tests/test_log.py:80: TypeError
______________________ TestMisc.test_check_code_extension ______________________

self = <gslab_scons.tests.test_misc.TestMisc testMethod=test_check_code_extension>

    def test_check_code_extension(self):
        '''Unit tests for check_code_extension()
    
        This method tests that check_code_extensions() associates software with
        file extensions as intended. The function should return None in cases
        where the extension is correctly specified and raise an error otherwise.
        '''
>       self.assertEqual(misc.check_code_extension('test.do',  '.do'),  None)
E       AttributeError: module 'gslab_scons.misc' has no attribute 'check_code_extension'

/Users/btleyden/gslab_python/gslab_scons/tests/test_misc.py:222: AttributeError
_______________________ TestMisc.test_command_line_args ________________________

self = <gslab_scons.tests.test_misc.TestMisc testMethod=test_command_line_args>

    def test_command_line_args(self):
        env = {'test' : ''}
>       self.assertEqual(misc.command_line_args(env), '')
E       AttributeError: module 'gslab_scons.misc' has no attribute 'command_line_args'

/Users/btleyden/gslab_python/gslab_scons/tests/test_misc.py:188: AttributeError
________________________ TestMisc.test_load_yaml_value _________________________
/Users/btleyden/gslab_python/env/lib/python3.8/site-packages/mock/mock.py:1343: in patched
    with self.decoration_helper(patched,
/usr/local/Cellar/python@3.8/3.8.6_2/Frameworks/Python.framework/Versions/3.8/lib/python3.8/contextlib.py:113: in __enter__
    return next(self.gen)
/Users/btleyden/gslab_python/env/lib/python3.8/site-packages/mock/mock.py:1325: in decoration_helper
    arg = exit_stack.enter_context(patching)
/usr/local/Cellar/python@3.8/3.8.6_2/Frameworks/Python.framework/Versions/3.8/lib/python3.8/contextlib.py:425: in enter_context
    result = _cm_type.__enter__(cm)
/Users/btleyden/gslab_python/env/lib/python3.8/site-packages/mock/mock.py:1414: in __enter__
    original, local = self.get_original()
_ _ _ _ _ _ _ _ _ _ _ _ _ _ _ _ _ _ _ _ _ _ _ _ _ _ _ _ _ _ _ _ _ _ _ _ _ _ _ _ 

self = <mock.mock._patch object at 0x1127e04f0>

    def get_original(self):
        target = self.getter()
        name = self.attribute
    
        original = DEFAULT
        local = False
    
        try:
            original = target.__dict__[name]
        except (AttributeError, KeyError):
            original = getattr(target, name, DEFAULT)
        else:
            local = True
    
        if name in _builtins and isinstance(target, ModuleType):
            self.create = True
    
        if not self.create and original is DEFAULT:
>           raise AttributeError(
                "%s does not have the attribute %r" % (target, name)
            )
E           AttributeError: <module 'gslab_scons.misc' from '/Users/btleyden/gslab_python/gslab_scons/misc.py'> does not have the attribute 'raw_input'

/Users/btleyden/gslab_python/env/lib/python3.8/site-packages/mock/mock.py:1387: AttributeError
_________________________ TestMisc.test_scons_debrief __________________________
/Users/btleyden/gslab_python/env/lib/python3.8/site-packages/mock/mock.py:1343: in patched
    with self.decoration_helper(patched,
/usr/local/Cellar/python@3.8/3.8.6_2/Frameworks/Python.framework/Versions/3.8/lib/python3.8/contextlib.py:113: in __enter__
    return next(self.gen)
/Users/btleyden/gslab_python/env/lib/python3.8/site-packages/mock/mock.py:1325: in decoration_helper
    arg = exit_stack.enter_context(patching)
/usr/local/Cellar/python@3.8/3.8.6_2/Frameworks/Python.framework/Versions/3.8/lib/python3.8/contextlib.py:425: in enter_context
    result = _cm_type.__enter__(cm)
/Users/btleyden/gslab_python/env/lib/python3.8/site-packages/mock/mock.py:1414: in __enter__
    original, local = self.get_original()
_ _ _ _ _ _ _ _ _ _ _ _ _ _ _ _ _ _ _ _ _ _ _ _ _ _ _ _ _ _ _ _ _ _ _ _ _ _ _ _ 

self = <mock.mock._patch object at 0x1127d5880>

    def get_original(self):
        target = self.getter()
        name = self.attribute
    
        original = DEFAULT
        local = False
    
        try:
            original = target.__dict__[name]
        except (AttributeError, KeyError):
            original = getattr(target, name, DEFAULT)
        else:
            local = True
    
        if name in _builtins and isinstance(target, ModuleType):
            self.create = True
    
        if not self.create and original is DEFAULT:
>           raise AttributeError(
                "%s does not have the attribute %r" % (target, name)
            )
E           AttributeError: <module 'gslab_scons.misc' from '/Users/btleyden/gslab_python/gslab_scons/misc.py'> does not have the attribute 'issue_size_warnings'

/Users/btleyden/gslab_python/env/lib/python3.8/site-packages/mock/mock.py:1387: AttributeError
____________________ TestMisc.test_stata_command_unix_linux ____________________

self = <gslab_scons.tests.test_misc.TestMisc testMethod=test_stata_command_unix_linux>

    @mock.patch('gslab_scons.misc.sys.platform', 'linux')
    def test_stata_command_unix_linux(self):
        '''
        Test that stata_command_unix() returns the expected
        command when run on Linux computers.
        '''
>       output = misc.stata_command_unix('stata-se')
E       AttributeError: module 'gslab_scons.misc' has no attribute 'stata_command_unix'

/Users/btleyden/gslab_python/gslab_scons/tests/test_misc.py:70: AttributeError
_____________________ TestMisc.test_stata_command_unix_mac _____________________

self = <gslab_scons.tests.test_misc.TestMisc testMethod=test_stata_command_unix_mac>

    @mock.patch('gslab_scons.misc.sys.platform', 'darwin')
    def test_stata_command_unix_mac(self):
        '''
        Test that stata_command_unix() returns the expected
        command when run on Mac computers.
        '''
>       output = misc.stata_command_unix('stata')
E       AttributeError: module 'gslab_scons.misc' has no attribute 'stata_command_unix'

/Users/btleyden/gslab_python/gslab_scons/tests/test_misc.py:61: AttributeError
____________________ TestMisc.test_stata_command_unix_other ____________________

self = <gslab_scons.tests.test_misc.TestMisc testMethod=test_stata_command_unix_other>

    @mock.patch('gslab_scons.misc.sys.platform', 'cygwin')
    def test_stata_command_unix_other(self):
        '''
        Test that stata_command_unix() raises an error when
        run on non-Windows, non-Mac, non-Linux machines.
        '''
        with self.assertRaises(KeyError):
>           output = misc.stata_command_unix('stata-mp')
E           AttributeError: module 'gslab_scons.misc' has no attribute 'stata_command_unix'

/Users/btleyden/gslab_python/gslab_scons/tests/test_misc.py:89: AttributeError
___________________ TestMisc.test_stata_command_unix_windows ___________________

self = <gslab_scons.tests.test_misc.TestMisc testMethod=test_stata_command_unix_windows>

    @mock.patch('gslab_scons.misc.sys.platform', 'win32')
    def test_stata_command_unix_windows(self):
        '''
        Test that stata_command_unix() raises an error when
        when on run Windows computers.
        '''
        with self.assertRaises(KeyError):
>           output = misc.stata_command_unix('stata-mp')
E           AttributeError: module 'gslab_scons.misc' has no attribute 'stata_command_unix'

/Users/btleyden/gslab_python/gslab_scons/tests/test_misc.py:80: AttributeError
_____________________ TestMisc.test_stata_command_win_unix _____________________

self = <gslab_scons.tests.test_misc.TestMisc testMethod=test_stata_command_win_unix>

    @mock.patch('gslab_scons.misc.sys.platform', 'darwin')
    def test_stata_command_win_unix(self):
        '''
        Test that stata_command_win() gives a Windows stata
        command even on a non-Windows machine.
        '''
>       output = misc.stata_command_win('stata-mp')
E       AttributeError: module 'gslab_scons.misc' has no attribute 'stata_command_win'

/Users/btleyden/gslab_python/gslab_scons/tests/test_misc.py:102: AttributeError
___________________ TestMisc.test_stata_command_win_windows ____________________

self = <gslab_scons.tests.test_misc.TestMisc testMethod=test_stata_command_win_windows>

    @mock.patch('gslab_scons.misc.sys.platform', 'win32')
    def test_stata_command_win_windows(self):
>       output = misc.stata_command_win('stata-mp')
E       AttributeError: module 'gslab_scons.misc' has no attribute 'stata_command_win'

/Users/btleyden/gslab_python/gslab_scons/tests/test_misc.py:93: AttributeError
_________________________ TestMisc.test_state_of_repo __________________________

self = <gslab_scons.tests.test_misc.TestMisc testMethod=test_state_of_repo>

    def test_state_of_repo(self):
        maxit = 10
        # Test general functionality
>       misc.state_of_repo(maxit)
E       AttributeError: module 'gslab_scons.misc' has no attribute 'state_of_repo'

/Users/btleyden/gslab_python/gslab_scons/tests/test_misc.py:245: AttributeError
____________________ TestReleaseFunction.test_release_nozip ____________________

self = <gslab_scons.tests.test_release_function.TestReleaseFunction testMethod=test_release_nozip>
mock_cepath = <MagicMock name='check_and_expand_path' id='4611171088'>
mock_move = <MagicMock name='move' id='4608637248'>
mock_make_archive = <MagicMock name='make_archive' id='4608430624'>
mock_copy = <MagicMock name='copy' id='4612361664'>
mock_makedirs = <MagicMock name='makedirs' id='4612312560'>
mock_getpass = <MagicMock name='getpass' id='4610099424'>
mock_session = <MagicMock name='session' id='4609135040'>
mock_upload = <MagicMock name='upload_asset' id='4607620624'>
mock_rmtree = <MagicMock name='rmtree' id='4607599952'>
mock_isdir = <MagicMock name='isdir' id='4607431824'>

    @patch_collection
    def test_release_nozip(self,
                           mock_cepath,
                           mock_move,
                           mock_make_archive,
                           mock_copy,
                           mock_makedirs,
                           mock_getpass,
                           mock_session,
                           mock_upload,
                           mock_rmtree,
                           mock_isdir):
        '''
        Test that release() correctly prepares a release
        that uploads unzipped files to Google Drive.
        '''
        # Mock functions called by release() to simulate an actual call
        mock_getpass.return_value = 'test_token'
        args = copy.deepcopy(standard_args)
        args['zip_release'] = False
    
        release_data = helpers.mock_release_data(args)
        mock_session.return_value.get.return_value.content = release_data
    
        # Give mock_upload a side effect preserving release assets listing
        mock_upload.side_effect = fx.upload_asset_side_effect
    
>       self.check_release(args, mock_session, mock_upload, mock_copy,
                           mock_make_archive, mock_move)

/Users/btleyden/gslab_python/gslab_scons/tests/test_release_function.py:224: 
_ _ _ _ _ _ _ _ _ _ _ _ _ _ _ _ _ _ _ _ _ _ _ _ _ _ _ _ _ _ _ _ _ _ _ _ _ _ _ _ 
/Users/btleyden/gslab_python/gslab_scons/tests/test_release_function.py:127: in check_release
    tools.release(**args)
_ _ _ _ _ _ _ _ _ _ _ _ _ _ _ _ _ _ _ _ _ _ _ _ _ _ _ _ _ _ _ _ _ _ _ _ _ _ _ _ 

vers = 'test_version', org = 'org', repo = 'repo'
DriveReleaseFiles = ['paper.pdf', 'plot.pdf']
local_release = 'root/release/repo-test_branch'
target_commitish = 'test_branch', zip_release = False
github_token = 'test_token'

    def release(vers, org, repo,
                DriveReleaseFiles = [],
                local_release     = '',
                target_commitish  = '',
                zip_release       = True,
                github_token      = None):
        '''Publish a release
    
        Parameters
        ----------
        env: an SCons environment object
        vers: the version of the release
        DriveReleaseFiles a optional list of files to be included in a
            release to drive (e.g. DropBox or Google Drive).
        local_release: The path of the release directory on the user's computer.
        org: The GtHub organisaton hosting the repository specified by `repo`.
        repo: The name of the GitHub repository from which the user is making
            the release.
        '''
        # Check the argument types
    
        if bool(github_token) is False:
            github_token = getpass.getpass("Enter a GitHub token and then press enter: ")
    
        tag_name = vers
    
        releases_path = 'https://%s:@api.github.com/repos/%s/%s/releases' \
                        % (github_token, org, repo)
        session       = requests.session()
    
        # Create release
        payload = {'tag_name':         tag_name,
                   'target_commitish': target_commitish,
                   'name':             tag_name,
                   'body':             '',
                   'draft':            'FALSE',
                   'prerelease':       'FALSE'}
    
        json_dump = json.dumps(payload)
        json_dump = re.sub('"FALSE"', 'false', json_dump)
        posting   = session.post(releases_path, data = json_dump)
        # Check that the GitHub release was successful
        try:
            posting.raise_for_status()
        except requests.exceptions.HTTPError:
            message  = "We could not post the following json to the releases path \n"
            message  = message + ("https://YOURTOKEN:@api.github.com/repos/%s/%s/releases \n" % (org, repo))
            message  = message + "The json looks like this:"
            print(message)
            for (k,v) in payload.items():
                print(" '%s' : '%s' " % (k,v))
            raise requests.exceptions.HTTPError
    
        # Release to drive
        if bool(DriveReleaseFiles):
            # Delay
            time.sleep(1)
    
            if isinstance(DriveReleaseFiles, str):
                DriveReleaseFiles = [DriveReleaseFiles]
    
            # Get release ID
            json_releases  = session.get(releases_path)
            # Check that the request was successful
            json_releases.raise_for_status()
    
            json_output    = json_releases.json()
>           assert len(json_output) == 1
E           AssertionError

/Users/btleyden/gslab_python/gslab_scons/_release_tools.py:80: AssertionError
__________________ TestReleaseFunction.test_release_standard ___________________

self = <gslab_scons.tests.test_release_function.TestReleaseFunction testMethod=test_release_standard>
mock_cepath = <MagicMock name='check_and_expand_path' id='4607400064'>
mock_move = <MagicMock name='move' id='4607117584'>
mock_make_archive = <MagicMock name='make_archive' id='4607375920'>
mock_copy = <MagicMock name='copy' id='4609518800'>
mock_makedirs = <MagicMock name='makedirs' id='4611108720'>
mock_getpass = <MagicMock name='getpass' id='4606956832'>
mock_session = <MagicMock name='session' id='4612188672'>
mock_upload = <MagicMock name='upload_asset' id='4606939088'>
mock_rmtree = <MagicMock name='rmtree' id='4607060384'>
mock_isdir = <MagicMock name='isdir' id='4610656288'>

    @patch_collection
    def test_release_standard(self,
                              mock_cepath,
                              mock_move,
                              mock_make_archive,
                              mock_copy,
                              mock_makedirs,
                              mock_getpass,
                              mock_session,
                              mock_upload,
                              mock_rmtree,
                              mock_isdir):
        '''
        Test that release() correctly prepares a release
        that uploads zipped files to Google Drive.
        '''
        # Mock functions called by release() to simulate an actual call
        mock_getpass.return_value = 'test_token'
        mock_session.return_value = mock.MagicMock(post = mock.MagicMock(),
                                                   get  = mock.MagicMock())
    
        args = copy.deepcopy(standard_args)
        release_data = helpers.mock_release_data(args)
        mock_session.return_value.get.return_value.content = release_data
    
        # When org/repo refers to a nonexistent GitHub repository,
        # make the release request fail.
        mock_session.return_value.post.side_effect = fx.post_side_effect
    
        # Give mock_upload a side effect preserving release assets listing
        mock_upload.side_effect = fx.upload_asset_side_effect
    
        args['zip_release'] = True
    
>       self.check_release(args, mock_session, mock_upload, mock_copy,
                           mock_make_archive, mock_move)

/Users/btleyden/gslab_python/gslab_scons/tests/test_release_function.py:95: 
_ _ _ _ _ _ _ _ _ _ _ _ _ _ _ _ _ _ _ _ _ _ _ _ _ _ _ _ _ _ _ _ _ _ _ _ _ _ _ _ 
/Users/btleyden/gslab_python/gslab_scons/tests/test_release_function.py:127: in check_release
    tools.release(**args)
_ _ _ _ _ _ _ _ _ _ _ _ _ _ _ _ _ _ _ _ _ _ _ _ _ _ _ _ _ _ _ _ _ _ _ _ _ _ _ _ 

vers = 'test_version', org = 'org', repo = 'repo'
DriveReleaseFiles = ['paper.pdf', 'plot.pdf']
local_release = 'root/release/repo-test_branch'
target_commitish = 'test_branch', zip_release = True
github_token = 'test_token'

    def release(vers, org, repo,
                DriveReleaseFiles = [],
                local_release     = '',
                target_commitish  = '',
                zip_release       = True,
                github_token      = None):
        '''Publish a release
    
        Parameters
        ----------
        env: an SCons environment object
        vers: the version of the release
        DriveReleaseFiles a optional list of files to be included in a
            release to drive (e.g. DropBox or Google Drive).
        local_release: The path of the release directory on the user's computer.
        org: The GtHub organisaton hosting the repository specified by `repo`.
        repo: The name of the GitHub repository from which the user is making
            the release.
        '''
        # Check the argument types
    
        if bool(github_token) is False:
            github_token = getpass.getpass("Enter a GitHub token and then press enter: ")
    
        tag_name = vers
    
        releases_path = 'https://%s:@api.github.com/repos/%s/%s/releases' \
                        % (github_token, org, repo)
        session       = requests.session()
    
        # Create release
        payload = {'tag_name':         tag_name,
                   'target_commitish': target_commitish,
                   'name':             tag_name,
                   'body':             '',
                   'draft':            'FALSE',
                   'prerelease':       'FALSE'}
    
        json_dump = json.dumps(payload)
        json_dump = re.sub('"FALSE"', 'false', json_dump)
        posting   = session.post(releases_path, data = json_dump)
        # Check that the GitHub release was successful
        try:
            posting.raise_for_status()
        except requests.exceptions.HTTPError:
            message  = "We could not post the following json to the releases path \n"
            message  = message + ("https://YOURTOKEN:@api.github.com/repos/%s/%s/releases \n" % (org, repo))
            message  = message + "The json looks like this:"
            print(message)
            for (k,v) in payload.items():
                print(" '%s' : '%s' " % (k,v))
            raise requests.exceptions.HTTPError
    
        # Release to drive
        if bool(DriveReleaseFiles):
            # Delay
            time.sleep(1)
    
            if isinstance(DriveReleaseFiles, str):
                DriveReleaseFiles = [DriveReleaseFiles]
    
            # Get release ID
            json_releases  = session.get(releases_path)
            # Check that the request was successful
            json_releases.raise_for_status()
    
            json_output    = json_releases.json()
>           assert len(json_output) == 1
E           AssertionError

/Users/btleyden/gslab_python/gslab_scons/_release_tools.py:80: AssertionError
______________ TestReleaseFunction.test_release_unintended_inputs ______________

self = <gslab_scons.tests.test_release_function.TestReleaseFunction testMethod=test_release_unintended_inputs>
mock_cepath = <MagicMock name='check_and_expand_path' id='4609147856'>
mock_move = <MagicMock name='move' id='4608580384'>
mock_make_archive = <MagicMock name='make_archive' id='4609037984'>
mock_copy = <MagicMock name='copy' id='4609104768'>
mock_makedirs = <MagicMock name='makedirs' id='4609144096'>
mock_getpass = <MagicMock name='getpass' id='4609188960'>
mock_session = <MagicMock name='session' id='4609209248'>
mock_upload = <MagicMock name='upload_asset' id='4609069792'>
mock_rmtree = <MagicMock name='rmtree' id='4609217008'>
mock_isdir = <MagicMock name='isdir' id='4609073504'>

    @patch_collection
    def test_release_unintended_inputs(self,
                                       mock_cepath,
                                       mock_move,
                                       mock_make_archive,
                                       mock_copy,
                                       mock_makedirs,
                                       mock_getpass,
                                       mock_session,
                                       mock_upload,
                                       mock_rmtree,
                                       mock_isdir):
        '''
        Test that release() responds as expected to
        unintended inputs.
        '''
        # Mock functions called by release() to simulate an actual call
        mock_getpass.return_value = 'test_token'
        args = copy.deepcopy(standard_args)
    
        release_data = helpers.mock_release_data(args)
        mock_session.return_value.get.return_value.content = release_data
        mock_session.return_value.post.side_effect = fx.post_side_effect
    
        args = copy.deepcopy(standard_args)
    
        # Inappropriate local_release argument and DriveReleaseFiles is empty.
        test_args = copy.deepcopy(args)
        test_args['DriveReleaseFiles'] = []
        test_args['local_release']     = 1
        try:
            tools.release(**test_args)
        except:
            self.fail("Running release() with an invalid local_release "
                      "argument and without files to be released to Google "
                      "Drive shouldn't raise an error!")
    
        # local_release is of an inappropriate type
>       self.check_failure({'local_release': 1}, AttributeError)

/Users/btleyden/gslab_python/gslab_scons/tests/test_release_function.py:299: 
_ _ _ _ _ _ _ _ _ _ _ _ _ _ _ _ _ _ _ _ _ _ _ _ _ _ _ _ _ _ _ _ _ _ _ _ _ _ _ _ 
/Users/btleyden/gslab_python/gslab_scons/tests/test_release_function.py:320: in check_failure
    tools.release(**test_args)
_ _ _ _ _ _ _ _ _ _ _ _ _ _ _ _ _ _ _ _ _ _ _ _ _ _ _ _ _ _ _ _ _ _ _ _ _ _ _ _ 

    def release(vers, org, repo,
                DriveReleaseFiles = [],
                local_release     = '',
                target_commitish  = '',
                zip_release       = True,
                github_token      = None):
        '''Publish a release
    
        Parameters
        ----------
        env: an SCons environment object
        vers: the version of the release
        DriveReleaseFiles a optional list of files to be included in a
            release to drive (e.g. DropBox or Google Drive).
        local_release: The path of the release directory on the user's computer.
        org: The GtHub organisaton hosting the repository specified by `repo`.
        repo: The name of the GitHub repository from which the user is making
            the release.
        '''
        # Check the argument types
    
        if bool(github_token) is False:
            github_token = getpass.getpass("Enter a GitHub token and then press enter: ")
    
        tag_name = vers
    
        releases_path = 'https://%s:@api.github.com/repos/%s/%s/releases' \
                        % (github_token, org, repo)
        session       = requests.session()
    
        # Create release
        payload = {'tag_name':         tag_name,
                   'target_commitish': target_commitish,
                   'name':             tag_name,
                   'body':             '',
                   'draft':            'FALSE',
                   'prerelease':       'FALSE'}
    
        json_dump = json.dumps(payload)
        json_dump = re.sub('"FALSE"', 'false', json_dump)
        posting   = session.post(releases_path, data = json_dump)
        # Check that the GitHub release was successful
        try:
            posting.raise_for_status()
        except requests.exceptions.HTTPError:
            message  = "We could not post the following json to the releases path \n"
            message  = message + ("https://YOURTOKEN:@api.github.com/repos/%s/%s/releases \n" % (org, repo))
            message  = message + "The json looks like this:"
            print(message)
            for (k,v) in payload.items():
                print(" '%s' : '%s' " % (k,v))
            raise requests.exceptions.HTTPError
    
        # Release to drive
        if bool(DriveReleaseFiles):
            # Delay
            time.sleep(1)
    
            if isinstance(DriveReleaseFiles, str):
                DriveReleaseFiles = [DriveReleaseFiles]
    
            # Get release ID
            json_releases  = session.get(releases_path)
            # Check that the request was successful
            json_releases.raise_for_status()
    
            json_output    = json_releases.json()
>           assert len(json_output) == 1
E           AssertionError

/Users/btleyden/gslab_python/gslab_scons/_release_tools.py:80: AssertionError
_______________________ TestReleaseTools.test_up_to_date _______________________

self = <gslab_scons.tests.test_release_tools.TestReleaseTools testMethod=test_up_to_date>
mock_call = <MagicMock name='call' id='4608590800'>

    @mock.patch('gslab_scons._release_tools.subprocess.call')
    def test_up_to_date(self, mock_call):
        '''
        Test that up_to_date() correctly recognises
        an SCons directory as up-to-date or out of date.
        '''
        # The mode argument needs to be one of the valid options
        with self.assertRaises(ReleaseError), nostderrout():
>           gslab_scons._release_tools.up_to_date(mode = 'invalid')
E           AttributeError: module 'gslab_scons._release_tools' has no attribute 'up_to_date'

/Users/btleyden/gslab_python/gslab_scons/tests/test_release_tools.py:86: AttributeError
_________________ TestSizeWarning.test_create_size_dictionary __________________

thing = <module 'gslab_scons' from '/Users/btleyden/gslab_python/gslab_scons/__init__.py'>
comp = 'size_warning', import_path = 'gslab_scons.size_warning'

    def _dot_lookup(thing, comp, import_path):
        try:
>           return getattr(thing, comp)
E           AttributeError: module 'gslab_scons' has no attribute 'size_warning'

/Users/btleyden/gslab_python/env/lib/python3.8/site-packages/mock/mock.py:1236: AttributeError

During handling of the above exception, another exception occurred:
/Users/btleyden/gslab_python/env/lib/python3.8/site-packages/mock/mock.py:1343: in patched
    with self.decoration_helper(patched,
/usr/local/Cellar/python@3.8/3.8.6_2/Frameworks/Python.framework/Versions/3.8/lib/python3.8/contextlib.py:113: in __enter__
    return next(self.gen)
/Users/btleyden/gslab_python/env/lib/python3.8/site-packages/mock/mock.py:1325: in decoration_helper
    arg = exit_stack.enter_context(patching)
/usr/local/Cellar/python@3.8/3.8.6_2/Frameworks/Python.framework/Versions/3.8/lib/python3.8/contextlib.py:425: in enter_context
    result = _cm_type.__enter__(cm)
/Users/btleyden/gslab_python/env/lib/python3.8/site-packages/mock/mock.py:1398: in __enter__
    self.target = self.getter()
/Users/btleyden/gslab_python/env/lib/python3.8/site-packages/mock/mock.py:1573: in <lambda>
    getter = lambda: _importer(target)
/Users/btleyden/gslab_python/env/lib/python3.8/site-packages/mock/mock.py:1249: in _importer
    thing = _dot_lookup(thing, comp, import_path)
_ _ _ _ _ _ _ _ _ _ _ _ _ _ _ _ _ _ _ _ _ _ _ _ _ _ _ _ _ _ _ _ _ _ _ _ _ _ _ _ 

thing = <module 'gslab_scons' from '/Users/btleyden/gslab_python/gslab_scons/__init__.py'>
comp = 'size_warning', import_path = 'gslab_scons.size_warning'

    def _dot_lookup(thing, comp, import_path):
        try:
            return getattr(thing, comp)
        except AttributeError:
>           __import__(import_path)
E           ModuleNotFoundError: No module named 'gslab_scons.size_warning'

/Users/btleyden/gslab_python/env/lib/python3.8/site-packages/mock/mock.py:1238: ModuleNotFoundError
_______________________ TestSizeWarning.test_is_subpath ________________________

self = <gslab_scons.tests.test_size_warning.TestSizeWarning testMethod=test_is_subpath>

    def test_is_subpath(self):
        expect_true = [{'inner': '.',              'outer': '..'},
                       {'inner': 'release',        'outer': '.'},
                       {'inner': 'release',        'outer': ''},
                       {'inner': './release',      'outer': '.'},
                       {'inner': 'release',        'outer': '/'},
                       {'inner': 'release/subdir', 'outer': '.'},
                       {'inner': 'release/subdir', 'outer': 'release'},
                       {'inner': 'release/subdir', 'outer': './release'},
            {'inner': 'release/../release/subdir', 'outer': 'release'}]
    
        expect_false = [{'inner': '.',        'outer': 'release'},
                        {'inner': '/release', 'outer': '.'}]
    
        for keywords in expect_true:
>           self.assertTrue(sw._is_subpath(**keywords))
E           AttributeError: module 'gslab_scons.tests.test_size_warning' has no attribute '_is_subpath'

/Users/btleyden/gslab_python/gslab_scons/tests/test_size_warning.py:117: AttributeError
___________________ TestSizeWarning.test_issue_size_warnings ___________________

thing = <module 'gslab_scons' from '/Users/btleyden/gslab_python/gslab_scons/__init__.py'>
comp = 'size_warning', import_path = 'gslab_scons.size_warning'

    def _dot_lookup(thing, comp, import_path):
        try:
>           return getattr(thing, comp)
E           AttributeError: module 'gslab_scons' has no attribute 'size_warning'

/Users/btleyden/gslab_python/env/lib/python3.8/site-packages/mock/mock.py:1236: AttributeError

During handling of the above exception, another exception occurred:
/Users/btleyden/gslab_python/env/lib/python3.8/site-packages/mock/mock.py:1343: in patched
    with self.decoration_helper(patched,
/usr/local/Cellar/python@3.8/3.8.6_2/Frameworks/Python.framework/Versions/3.8/lib/python3.8/contextlib.py:113: in __enter__
    return next(self.gen)
/Users/btleyden/gslab_python/env/lib/python3.8/site-packages/mock/mock.py:1325: in decoration_helper
    arg = exit_stack.enter_context(patching)
/usr/local/Cellar/python@3.8/3.8.6_2/Frameworks/Python.framework/Versions/3.8/lib/python3.8/contextlib.py:425: in enter_context
    result = _cm_type.__enter__(cm)
/Users/btleyden/gslab_python/env/lib/python3.8/site-packages/mock/mock.py:1398: in __enter__
    self.target = self.getter()
/Users/btleyden/gslab_python/env/lib/python3.8/site-packages/mock/mock.py:1573: in <lambda>
    getter = lambda: _importer(target)
/Users/btleyden/gslab_python/env/lib/python3.8/site-packages/mock/mock.py:1249: in _importer
    thing = _dot_lookup(thing, comp, import_path)
_ _ _ _ _ _ _ _ _ _ _ _ _ _ _ _ _ _ _ _ _ _ _ _ _ _ _ _ _ _ _ _ _ _ _ _ _ _ _ _ 

thing = <module 'gslab_scons' from '/Users/btleyden/gslab_python/gslab_scons/__init__.py'>
comp = 'size_warning', import_path = 'gslab_scons.size_warning'

    def _dot_lookup(thing, comp, import_path):
        try:
            return getattr(thing, comp)
        except AttributeError:
>           __import__(import_path)
E           ModuleNotFoundError: No module named 'gslab_scons.size_warning'

/Users/btleyden/gslab_python/env/lib/python3.8/site-packages/mock/mock.py:1238: ModuleNotFoundError
___________________ TestSizeWarning.test_list_ignored_files ____________________

thing = <module 'gslab_scons' from '/Users/btleyden/gslab_python/gslab_scons/__init__.py'>
comp = 'size_warning', import_path = 'gslab_scons.size_warning'

    def _dot_lookup(thing, comp, import_path):
        try:
>           return getattr(thing, comp)
E           AttributeError: module 'gslab_scons' has no attribute 'size_warning'

/Users/btleyden/gslab_python/env/lib/python3.8/site-packages/mock/mock.py:1236: AttributeError

During handling of the above exception, another exception occurred:
/Users/btleyden/gslab_python/env/lib/python3.8/site-packages/mock/mock.py:1343: in patched
    with self.decoration_helper(patched,
/usr/local/Cellar/python@3.8/3.8.6_2/Frameworks/Python.framework/Versions/3.8/lib/python3.8/contextlib.py:113: in __enter__
    return next(self.gen)
/Users/btleyden/gslab_python/env/lib/python3.8/site-packages/mock/mock.py:1325: in decoration_helper
    arg = exit_stack.enter_context(patching)
/usr/local/Cellar/python@3.8/3.8.6_2/Frameworks/Python.framework/Versions/3.8/lib/python3.8/contextlib.py:425: in enter_context
    result = _cm_type.__enter__(cm)
/Users/btleyden/gslab_python/env/lib/python3.8/site-packages/mock/mock.py:1398: in __enter__
    self.target = self.getter()
/Users/btleyden/gslab_python/env/lib/python3.8/site-packages/mock/mock.py:1573: in <lambda>
    getter = lambda: _importer(target)
/Users/btleyden/gslab_python/env/lib/python3.8/site-packages/mock/mock.py:1249: in _importer
    thing = _dot_lookup(thing, comp, import_path)
_ _ _ _ _ _ _ _ _ _ _ _ _ _ _ _ _ _ _ _ _ _ _ _ _ _ _ _ _ _ _ _ _ _ _ _ _ _ _ _ 

thing = <module 'gslab_scons' from '/Users/btleyden/gslab_python/gslab_scons/__init__.py'>
comp = 'size_warning', import_path = 'gslab_scons.size_warning'

    def _dot_lookup(thing, comp, import_path):
        try:
            return getattr(thing, comp)
        except AttributeError:
>           __import__(import_path)
E           ModuleNotFoundError: No module named 'gslab_scons.size_warning'

/Users/btleyden/gslab_python/env/lib/python3.8/site-packages/mock/mock.py:1238: ModuleNotFoundError
______________________ TestSizeWarning.test_red_and_bold _______________________

self = <gslab_scons.tests.test_size_warning.TestSizeWarning testMethod=test_red_and_bold>

    def test_red_and_bold(self):
        '''
        Test that _red_and_bold() adds characters to its argument
        as expected'''
        text = 'test'
        self.assertEqual('\033[91m\033[1m%s\033[0m' % text,
>                        sw._red_and_bold(text))
E       AttributeError: module 'gslab_scons.tests.test_size_warning' has no attribute '_red_and_bold'

/Users/btleyden/gslab_python/gslab_scons/tests/test_size_warning.py:100: AttributeError
=============================== warnings summary ===============================
gslab_scons/tests/_test_helpers.py:6
  /Users/btleyden/gslab_python/gslab_scons/tests/_test_helpers.py:6: DeprecationWarning: the imp module is deprecated in favour of importlib; see the module's documentation for alternative uses
    import imp

gslab_fill/tests/test_tablefill.py: 26 warnings
  /Users/btleyden/gslab_python/gslab_fill/tablefill.py:55: DeprecationWarning: 'U' mode is deprecated
    data += open(file, 'rU').readlines()

gslab_fill/tests/test_tablefill.py::testTablefill::testArgumentOrder
gslab_fill/tests/test_tablefill.py::testTablefill::testArgumentOrder
gslab_fill/tests/test_tablefill.py::testTablefill::testBreaksRoundingString
gslab_fill/tests/test_tablefill.py::testTablefill::testIllegalSyntax
gslab_fill/tests/test_tablefill.py::testTablefill::testInput
  /Users/btleyden/gslab_python/gslab_fill/tablefill.py:87: DeprecationWarning: 'U' mode is deprecated
    lyx_text = open(args['template'], 'rU').readlines()

gslab_fill/tests/test_tablefill.py::testTablefill::testArgumentOrder
gslab_fill/tests/test_tablefill.py::testTablefill::testArgumentOrder
  /Users/btleyden/gslab_python/gslab_fill/tests/test_tablefill.py:124: DeprecationWarning: 'U' mode is deprecated
    with open('./build/tablefill_template_filled.%s' % ext, 'rU') as filled_file:

gslab_fill/tests/test_tablefill.py::testTablefill::testArgumentOrder
gslab_fill/tests/test_tablefill.py::testTablefill::testArgumentOrder
  /Users/btleyden/gslab_python/gslab_fill/tests/test_tablefill.py:134: DeprecationWarning: 'U' mode is deprecated
    with open('./build/tablefill_template_filled.%s' % ext, 'rU') as filled_file:

gslab_fill/tests/test_tablefill.py::testTablefill::testArgumentOrder
gslab_fill/tests/test_tablefill.py::testTablefill::testArgumentOrder
gslab_fill/tests/test_tablefill.py::testTablefill::testBreaksRoundingString
gslab_fill/tests/test_tablefill.py::testTablefill::testIllegalSyntax
gslab_fill/tests/test_tablefill.py::testTablefill::testInput
  /Users/btleyden/gslab_python/gslab_fill/tablefill.py:118: DeprecationWarning: 'U' mode is deprecated
    lyx_text = open(args['template'], 'rU').readlines()

gslab_fill/tests/test_tablefill.py::testTablefill::testInput
gslab_fill/tests/test_tablefill.py::testTablefill::testInput
  /Users/btleyden/gslab_python/gslab_fill/tests/test_tablefill.py:33: DeprecationWarning: 'U' mode is deprecated
    tag_data = open('../../gslab_fill/tests/input/tablefill_template.%s' % ext, 'rU').readlines()

gslab_fill/tests/test_tablefill.py::testTablefill::testInput
gslab_fill/tests/test_tablefill.py::testTablefill::testInput
  /Users/btleyden/gslab_python/gslab_fill/tests/test_tablefill.py:34: DeprecationWarning: 'U' mode is deprecated
    filled_data = open('./build/tablefill_template_filled.%s' % ext, 'rU').readlines()

gslab_fill/tests/test_textfill.py: 15 warnings
  /Users/btleyden/gslab_python/gslab_fill/textfill.py:67: DeprecationWarning: 'U' mode is deprecated
    data += open(file, 'rU').read()

gslab_fill/tests/test_textfill.py::testTextfill::test_alternative_prefix
gslab_fill/tests/test_textfill.py::testTextfill::test_argument_order
gslab_fill/tests/test_textfill.py::testTextfill::test_argument_order
gslab_fill/tests/test_textfill.py::testTextfill::test_illegal_syntax
gslab_fill/tests/test_textfill.py::testTextfill::test_input
gslab_fill/tests/test_textfill.py::testTextfill::test_remove_echoes
gslab_fill/tests/test_textfill.py::testTextfill::test_tags_incorrectly_specified
  /Users/btleyden/gslab_python/gslab_fill/textfill.py:132: DeprecationWarning: 'U' mode is deprecated
    lyx_text = open(args['template'], 'rU').readlines()

gslab_fill/tests/test_textfill.py::testTextfill::test_alternative_prefix
gslab_fill/tests/test_textfill.py::testTextfill::test_input
gslab_fill/tests/test_textfill.py::testTextfill::test_remove_echoes
gslab_fill/tests/test_textfill.py::testTextfill::test_tags_incorrectly_specified
  /Users/btleyden/gslab_python/gslab_fill/tests/test_textfill.py:51: DeprecationWarning: 'U' mode is deprecated
    raw_lyx = open("../../gslab_fill/tests/input/textfill_template_filled.lyx", 'rU').readlines()

gslab_misc/gencat/tests/test_main.py::test_main::test_default
gslab_misc/gencat/tests/test_main.py::test_main::test_default
gslab_misc/gencat/tests/test_zipFile.py::test_zipFiles::test_oneFile
gslab_misc/gencat/tests/test_zipFile.py::test_zipFiles::test_twoConcatsOneZip
gslab_misc/gencat/tests/test_zipFile.py::test_zipFiles::test_twoConcatsOneZip
gslab_misc/gencat/tests/test_zipFile.py::test_zipFiles::test_twoFile
gslab_misc/gencat/tests/test_zipFile.py::test_zipFiles::test_twoFile
gslab_misc/gencat/tests/test_zipFile.py::test_zipFiles::test_twoZips
gslab_misc/gencat/tests/test_zipFile.py::test_zipFiles::test_twoZips
  ../../gencat/gencat.py:146: DeprecationWarning: 'U' mode is deprecated

gslab_misc/gencat/tests/test_main.py::test_main::test_default
  /Users/btleyden/gslab_python/gslab_misc/gencat/tests/test_main.py:57: DeprecationWarning: 'U' mode is deprecated
    with open('./test_out/zip1/concat1.txt', 'rU') as f:

gslab_misc/gencat/tests/test_unzipFiles.py::test_unzipFiles::test_aZipFile
  /Users/btleyden/gslab_python/gslab_misc/gencat/tests/test_unzipFiles.py:95: DeprecationWarning: 'U' mode is deprecated
    with open('test_temp/test_data/test_text.txt', 'rU') as f:

gslab_misc/gencat/tests/test_unzipFiles.py::test_unzipFiles::test_twoFile
gslab_misc/gencat/tests/test_unzipFiles.py::test_unzipFiles::test_twoFile
  /Users/btleyden/gslab_python/gslab_misc/gencat/tests/test_unzipFiles.py:132: DeprecationWarning: 'U' mode is deprecated
    with open('test_temp/test_data/%s_text.txt' % f, 'rU') as fi:

gslab_misc/gencat/tests/test_unzipFiles.py::test_unzipFiles::test_twoZipFile
gslab_misc/gencat/tests/test_unzipFiles.py::test_unzipFiles::test_twoZipFile
  /Users/btleyden/gslab_python/gslab_misc/gencat/tests/test_unzipFiles.py:177: DeprecationWarning: 'U' mode is deprecated
    with open('test_temp/test_data/%s_text.txt' % f, 'rU') as fi:

gslab_misc/gencat/tests/test_writeDict.py::test_writeDict::test_noPath
  /Users/btleyden/gslab_python/gslab_misc/gencat/tests/test_writeDict.py:80: DeprecationWarning: 'U' mode is deprecated
    with open('./test_out/test_dict.txt', 'rU') as f:

gslab_misc/gencat/tests/test_writeDict.py::test_writeDict::test_onePath
  /Users/btleyden/gslab_python/gslab_misc/gencat/tests/test_writeDict.py:42: DeprecationWarning: 'U' mode is deprecated
    with open('./test_out/test_dict.txt', 'rU') as f:

gslab_misc/gencat/tests/test_writeDict.py::test_writeDict::test_twoFile
  /Users/btleyden/gslab_python/gslab_misc/gencat/tests/test_writeDict.py:69: DeprecationWarning: 'U' mode is deprecated
    with open('./test_out/test_dict.txt', 'rU') as f:

gslab_misc/gencat/tests/test_writeDict.py::test_writeDict::test_twopPath
  /Users/btleyden/gslab_python/gslab_misc/gencat/tests/test_writeDict.py:54: DeprecationWarning: 'U' mode is deprecated
    with open('./test_out/test_dict.txt', 'rU') as f:

gslab_misc/gencat/tests/test_zipFile.py::test_zipFiles::test_oneFile
  /Users/btleyden/gslab_python/gslab_misc/gencat/tests/test_zipFile.py:53: DeprecationWarning: 'U' mode is deprecated
    with open('./test_out/zip1/concat1.txt', 'rU') as f:

gslab_misc/gencat/tests/test_zipFile.py::test_zipFiles::test_twoConcatsOneZip
  /Users/btleyden/gslab_python/gslab_misc/gencat/tests/test_zipFile.py:134: DeprecationWarning: 'U' mode is deprecated
    with open('./test_out/zip1/concat1.txt', 'rU') as f:

gslab_misc/gencat/tests/test_zipFile.py::test_zipFiles::test_twoConcatsOneZip
  /Users/btleyden/gslab_python/gslab_misc/gencat/tests/test_zipFile.py:136: DeprecationWarning: 'U' mode is deprecated
    with open('./test_out/zip1/concat2.txt', 'rU') as f:

gslab_misc/gencat/tests/test_zipFile.py::test_zipFiles::test_twoFile
  /Users/btleyden/gslab_python/gslab_misc/gencat/tests/test_zipFile.py:76: DeprecationWarning: 'U' mode is deprecated
    with open('./test_out/zip1/concat1.txt', 'rU') as f:

gslab_misc/gencat/tests/test_zipFile.py::test_zipFiles::test_twoZips
  /Users/btleyden/gslab_python/gslab_misc/gencat/tests/test_zipFile.py:107: DeprecationWarning: 'U' mode is deprecated
    with open('./test_out/zip1/concat1.txt', 'rU') as f:

gslab_misc/gencat/tests/test_zipFile.py::test_zipFiles::test_twoZips
  /Users/btleyden/gslab_python/gslab_misc/gencat/tests/test_zipFile.py:109: DeprecationWarning: 'U' mode is deprecated
    with open('./test_out/zip2/concat2.txt', 'rU') as f:

gslab_scons/tests/test_build_python.py::TestBuildPython::test_cl_arg
gslab_scons/tests/test_build_python.py::TestBuildPython::test_log_creation
gslab_scons/tests/test_build_python.py::TestBuildPython::test_unintended_inputs
gslab_scons/tests/test_build_stata.py::TestBuildStata::test_cl_arg
gslab_scons/tests/test_build_stata.py::TestBuildStata::test_cl_arg
gslab_scons/tests/test_build_stata.py::TestBuildStata::test_stata_executable_unix
gslab_scons/tests/test_build_stata.py::TestBuildStata::test_unix
gslab_scons/tests/test_build_stata.py::TestBuildStata::test_windows
  /Users/btleyden/gslab_python/gslab_scons/builders/gslab_builder.py:186: DeprecationWarning: 'U' mode is deprecated
    with open(self.log_file, mode = 'rU') as f:

gslab_scons/tests/test_build_python.py::TestBuildPython::test_log_creation
gslab_scons/tests/test_build_python.py::TestBuildPython::test_unintended_inputs
gslab_scons/tests/test_build_stata.py::TestBuildStata::test_cl_arg
gslab_scons/tests/test_build_stata.py::TestBuildStata::test_cl_arg
gslab_scons/tests/test_build_stata.py::TestBuildStata::test_stata_executable_unix
gslab_scons/tests/test_build_stata.py::TestBuildStata::test_unix
gslab_scons/tests/test_build_stata.py::TestBuildStata::test_windows
  /Users/btleyden/gslab_python/gslab_scons/tests/_test_helpers.py:116: DeprecationWarning: 'U' mode is deprecated
    with open(log_path, 'rU') as log_file:

gslab_scons/tests/test_log.py::TestLog::test_end_log
  /Users/btleyden/gslab_python/gslab_scons/log.py:43: DeprecationWarning: 'U' mode is deprecated
    with open(log, "rU") as f:

gslab_scons/tests/test_log.py::TestLog::test_end_log
  /Users/btleyden/gslab_python/gslab_scons/tests/test_log.py:187: DeprecationWarning: 'U' mode is deprecated
    with open('./release/sconstruct.log', 'rU') as f:

-- Docs: https://docs.pytest.org/en/stable/warnings.html
=========================== short test summary info ============================
FAILED gslab_scons/tests/test_build_latex.py::TestBuildLateX::test_bad_extension
FAILED gslab_scons/tests/test_build_latex.py::TestBuildLateX::test_default - ...
FAILED gslab_scons/tests/test_build_latex.py::TestBuildLateX::test_list_arguments
FAILED gslab_scons/tests/test_build_latex.py::TestBuildLateX::test_nonexistent_source
FAILED gslab_scons/tests/test_build_lyx.py::TestBuildLyX::test_default - gsla...
FAILED gslab_scons/tests/test_build_lyx.py::TestBuildLyX::test_list_arguments
FAILED gslab_scons/tests/test_build_matlab.py::TestBuildMatlab::test_bad_extension
FAILED gslab_scons/tests/test_build_matlab.py::TestBuildMatlab::test_clarg - ...
FAILED gslab_scons/tests/test_build_matlab.py::TestBuildMatlab::test_no_executable
FAILED gslab_scons/tests/test_build_matlab.py::TestBuildMatlab::test_other_os
FAILED gslab_scons/tests/test_build_matlab.py::TestBuildMatlab::test_unix - T...
FAILED gslab_scons/tests/test_build_matlab.py::TestBuildMatlab::test_windows
FAILED gslab_scons/tests/test_build_python.py::TestBuildPython::test_cl_arg
FAILED gslab_scons/tests/test_build_r.py::TestBuildR::test_cl_arg - ModuleNot...
FAILED gslab_scons/tests/test_build_r.py::TestBuildR::test_no_executable - Mo...
FAILED gslab_scons/tests/test_build_r.py::TestBuildR::test_standard - ModuleN...
FAILED gslab_scons/tests/test_build_r.py::TestBuildR::test_unintended_inputs
FAILED gslab_scons/tests/test_build_stata.py::TestBuildStata::test_bad_stata_executable
FAILED gslab_scons/tests/test_build_stata.py::TestBuildStata::test_stata_executable_windows
FAILED gslab_scons/tests/test_build_stata.py::TestBuildStata::test_unavailable_executable
FAILED gslab_scons/tests/test_build_tables.py::TestBuildTables::test_default_string_target
FAILED gslab_scons/tests/test_build_tables.py::TestBuildTables::test_standard
FAILED gslab_scons/tests/test_build_tables.py::TestBuildTables::test_target_extension
FAILED gslab_scons/tests/test_configuration_tests.py::TestConfigurationTests::test_check_lfs
FAILED gslab_scons/tests/test_configuration_tests.py::TestConfigurationTests::test_check_lyx
FAILED gslab_scons/tests/test_configuration_tests.py::TestConfigurationTests::test_check_python
FAILED gslab_scons/tests/test_configuration_tests.py::TestConfigurationTests::test_check_python_packages
FAILED gslab_scons/tests/test_configuration_tests.py::TestConfigurationTests::test_check_r
FAILED gslab_scons/tests/test_configuration_tests.py::TestConfigurationTests::test_check_r_packages
FAILED gslab_scons/tests/test_configuration_tests.py::TestConfigurationTests::test_check_stata
FAILED gslab_scons/tests/test_configuration_tests.py::TestConfigurationTests::test_check_stata_packages
FAILED gslab_scons/tests/test_configuration_tests.py::TestConfigurationTests::test_convert_packages_argument
FAILED gslab_scons/tests/test_log.py::TestLog::test_log_timestamp - Attribute...
FAILED gslab_scons/tests/test_log.py::TestLog::test_start_log_open_on_windows
FAILED gslab_scons/tests/test_log.py::TestLog::test_start_log_other_os - Type...
FAILED gslab_scons/tests/test_log.py::TestLog::test_start_log_popen_on_unix
FAILED gslab_scons/tests/test_log.py::TestLog::test_start_log_stdout_on_unix
FAILED gslab_scons/tests/test_log.py::TestLog::test_start_log_stdout_on_windows
FAILED gslab_scons/tests/test_misc.py::TestMisc::test_check_code_extension - ...
FAILED gslab_scons/tests/test_misc.py::TestMisc::test_command_line_args - Att...
FAILED gslab_scons/tests/test_misc.py::TestMisc::test_load_yaml_value - Attri...
FAILED gslab_scons/tests/test_misc.py::TestMisc::test_scons_debrief - Attribu...
FAILED gslab_scons/tests/test_misc.py::TestMisc::test_stata_command_unix_linux
FAILED gslab_scons/tests/test_misc.py::TestMisc::test_stata_command_unix_mac
FAILED gslab_scons/tests/test_misc.py::TestMisc::test_stata_command_unix_other
FAILED gslab_scons/tests/test_misc.py::TestMisc::test_stata_command_unix_windows
FAILED gslab_scons/tests/test_misc.py::TestMisc::test_stata_command_win_unix
FAILED gslab_scons/tests/test_misc.py::TestMisc::test_stata_command_win_windows
FAILED gslab_scons/tests/test_misc.py::TestMisc::test_state_of_repo - Attribu...
FAILED gslab_scons/tests/test_release_function.py::TestReleaseFunction::test_release_nozip
FAILED gslab_scons/tests/test_release_function.py::TestReleaseFunction::test_release_standard
FAILED gslab_scons/tests/test_release_function.py::TestReleaseFunction::test_release_unintended_inputs
FAILED gslab_scons/tests/test_release_tools.py::TestReleaseTools::test_up_to_date
FAILED gslab_scons/tests/test_size_warning.py::TestSizeWarning::test_create_size_dictionary
FAILED gslab_scons/tests/test_size_warning.py::TestSizeWarning::test_is_subpath
FAILED gslab_scons/tests/test_size_warning.py::TestSizeWarning::test_issue_size_warnings
FAILED gslab_scons/tests/test_size_warning.py::TestSizeWarning::test_list_ignored_files
FAILED gslab_scons/tests/test_size_warning.py::TestSizeWarning::test_red_and_bold
================= 58 failed, 70 passed, 113 warnings in 6.63s ==================
Name                                                                              Stmts   Miss Branch BrPart  Cover   Missing
-----------------------------------------------------------------------------------------------------------------------------
env/lib/python3.8/site-packages/_distutils_hack/override.py                           1      0      0      0   100%
env/lib/python3.8/site-packages/certifi/core.py                                      20      8      2      1    59%   25->39, 42-56, 60
env/lib/python3.8/site-packages/chardet/big5freq.py                                   3      0      0      0   100%
env/lib/python3.8/site-packages/chardet/big5prober.py                                16      6      0      0    62%   36-39, 43, 47
env/lib/python3.8/site-packages/chardet/chardistribution.py                         117     83     32      0    23%   49-59, 65-68, 72-82, 88-98, 103, 110, 115-118, 125-129, 134-137, 144-148, 153-156, 163-167, 172-175, 182-189, 194-197, 204-214, 219-222, 229-233
env/lib/python3.8/site-packages/chardet/charsetgroupprober.py                        73     62     40      0    10%   34-37, 40-47, 51-55, 59-63, 66-84, 87-107
env/lib/python3.8/site-packages/chardet/charsetprober.py                             55     36     16      0    27%   40-42, 45, 49, 52, 56, 59, 63-64, 81-101, 115-145
env/lib/python3.8/site-packages/chardet/codingstatemachine.py                        28     18      2      0    33%   56-61, 64, 69-78, 81, 84, 88
env/lib/python3.8/site-packages/chardet/cp949prober.py                               16      6      0      0    62%   36-41, 45, 49
env/lib/python3.8/site-packages/chardet/enums.py                                     35      1      0      0    97%   62
env/lib/python3.8/site-packages/chardet/escprober.py                                 58     45     24      0    16%   43-56, 59-67, 71, 75, 78-81, 84-101
env/lib/python3.8/site-packages/chardet/escsm.py                                     17      0      0      0   100%
env/lib/python3.8/site-packages/chardet/eucjpprober.py                               49     34     14      0    24%   38-42, 45-46, 50, 54, 57-87, 90-92
env/lib/python3.8/site-packages/chardet/euckrfreq.py                                  3      0      0      0   100%
env/lib/python3.8/site-packages/chardet/euckrprober.py                               16      6      0      0    62%   36-39, 43, 47
env/lib/python3.8/site-packages/chardet/euctwfreq.py                                  3      0      0      0   100%
env/lib/python3.8/site-packages/chardet/euctwprober.py                               16      6      0      0    62%   35-38, 42, 46
env/lib/python3.8/site-packages/chardet/gb2312freq.py                                 3      0      0      0   100%
env/lib/python3.8/site-packages/chardet/gb2312prober.py                              16      6      0      0    62%   35-38, 42, 46
env/lib/python3.8/site-packages/chardet/hebrewprober.py                              77     48     26      0    28%   155-162, 165-171, 175-176, 179, 193, 223-253, 259-280, 284, 289-292
env/lib/python3.8/site-packages/chardet/jisfreq.py                                    3      0      0      0   100%
env/lib/python3.8/site-packages/chardet/jpcntx.py                                    81     61     32      0    18%   124-129, 132-141, 144-168, 171, 175-178, 181, 185-186, 190, 193-210, 214-231
env/lib/python3.8/site-packages/chardet/langbulgarianmodel.py                         6      0      0      0   100%
env/lib/python3.8/site-packages/chardet/langgreekmodel.py                             6      0      0      0   100%
env/lib/python3.8/site-packages/chardet/langhebrewmodel.py                            4      0      0      0   100%
env/lib/python3.8/site-packages/chardet/langrussianmodel.py                          14      0      0      0   100%
env/lib/python3.8/site-packages/chardet/langthaimodel.py                              4      0      0      0   100%
env/lib/python3.8/site-packages/chardet/langturkishmodel.py                           4      0      0      0   100%
env/lib/python3.8/site-packages/chardet/latin1prober.py                              52     29     10      0    37%   98-101, 104-106, 110, 114, 117-128, 131-145
env/lib/python3.8/site-packages/chardet/mbcharsetprober.py                           44     33     18      0    18%   40-43, 46-51, 55, 59, 62-88, 91
env/lib/python3.8/site-packages/chardet/mbcsgroupprober.py                           14      3      0      0    79%   43-54
env/lib/python3.8/site-packages/chardet/mbcssm.py                                    41      0      0      0   100%
env/lib/python3.8/site-packages/chardet/sbcharsetprober.py                           76     59     30      0    16%   52-63, 66-73, 77-80, 84-87, 91-135, 138-145
env/lib/python3.8/site-packages/chardet/sbcsgroupprober.py                           18      7      0      0    61%   48-83
env/lib/python3.8/site-packages/chardet/sjisprober.py                                49     34     14      0    24%   38-42, 45-46, 50, 54, 57-87, 90-92
env/lib/python3.8/site-packages/chardet/universaldetector.py                        124    104     80      0    10%   82-92, 100-109, 125-218, 229-286
env/lib/python3.8/site-packages/chardet/utf8prober.py                                43     29     16      0    24%   39-42, 45-47, 51, 55, 58-74, 77-82
env/lib/python3.8/site-packages/chardet/version.py                                    2      0      0      0   100%
env/lib/python3.8/site-packages/coverage/backward.py                                148    147     18      0     1%   4-111, 115-268
env/lib/python3.8/site-packages/coverage/collector.py                               213    207     84      2     3%   4-329, 332->333, 333-335, 344-348, 350->357, 352-451
env/lib/python3.8/site-packages/coverage/control.py                                 384    379    154      3     1%   4-553, 555->558, 556->558, 558->560, 560-1135
env/lib/python3.8/site-packages/coverage/execfile.py                                203    173     75      8    14%   4-29, 33-159, 166->167, 167-173, 174->177, 177-198, 200->203, 205, 215->216, 216, 217->218, 218, 220->221, 221, 232->233, 233, 236-240, 248->252, 252-285, 290-319, 324-325, 331-362
env/lib/python3.8/site-packages/coverage/files.py                                   214    212     92      1     1%   4-174, 176->177, 177, 181-434
env/lib/python3.8/site-packages/coverage/phystokens.py                              153    145     64      2     5%   4-252, 264-271, 283->284, 284, 289-290, 292->293, 293-296
env/lib/python3.8/site-packages/coverage/python.py                                  140    124     44      5    11%   4-21, 30->32, 32, 37-38, 41->42, 42, 46->59, 48->54, 54-61, 68->69, 69, 74-249
env/lib/python3.8/site-packages/idna/core.py                                        284    246    186      1     8%   12->16, 37-41, 44, 47, 50, 55-57, 62-64, 70-124, 129-131, 136-140, 145-146, 151-190, 195-231, 236-263, 268-288, 293-313, 318-339, 346-372, 377-400
env/lib/python3.8/site-packages/idna/idnadata.py                                      4      0      0      0   100%
env/lib/python3.8/site-packages/idna/intranges.py                                    29     24     14      0    12%   18-29, 32, 35, 40-53
env/lib/python3.8/site-packages/idna/package_data.py                                  1      0      0      0   100%
env/lib/python3.8/site-packages/mock/backports.py                                    56     52     10      1     8%   4->6, 6-82
env/lib/python3.8/site-packages/mock/mock.py                                       1556    910    680     87    37%   50->51, 51, 52->53, 53, 58-61, 80->81, 81, 92-112, 116-124, 130-137, 141->142, 142, 145->147, 147, 153, 159-168, 176-195, 199-244, 248-271, 284, 287, 296->298, 298, 302, 324->326, 326, 329->332, 332, 341-352, 355, 372->373, 373, 376->379, 387, 389, 407->413, 411->412, 412, 433->434, 434-435, 436->439, 468-475, 484, 494->495, 495, 497->498, 498-506, 517->518, 518, 529->530, 530, 542->544, 544, 555->557, 557-562, 567->570, 570, 579->580, 580, 590->591, 591, 592->593, 593, 596->597, 597, 622->623, 623, 630->631, 631-632, 633->634, 634, 635->640, 636->637, 637, 641->642, 642, 645->648, 648, 656->657, 657-661, 680->681, 681, 688->689, 689, 697->700, 701->702, 702-705, 716-729, 736->739, 739, 740->741, 741-742, 744->745, 745, 747->748, 748-750, 757->758, 758-759, 764->765, 765-766, 772-786, 790-791, 795-799, 813-832, 843-860, 866->867, 867-871, 876-880, 886->887, 887-891, 898-913, 919-926, 939-967, 980-985, 999->1000, 1000, 1003->1005, 1005, 1006->1007, 1007-1012, 1013->1014, 1014-1017, 1021->1022, 1022-1024, 1037-1039, 1051-1058, 1064->1065, 1065, 1066->1068, 1068-1073, 1135->1136, 1136, 1160->1161, 1161, 1162->1163, 1163-1165, 1169->1172, 1175->1176, 1176, 1239, 1263->1264, 1264, 1267->1268, 1268, 1286-1295, 1299->1300, 1300, 1301->1302, 1302, 1307-1317, 1326->1327, 1327, 1354-1366, 1401->1402, 1402, 1403->1404, 1404, 1405->1406, 1406, 1408->1409, 1409, 1410->1412, 1412, 1418->1420, 1420-1423, 1424->1425, 1425-1427, 1428->1429, 1429, 1431->1432, 1432-1436, 1437->1438, 1438, 1442->1443, 1443, 1444->1445, 1445-1455, 1457->1458, 1458, 1459->1460, 1460, 1463->1467, 1470->1473, 1473-1481, 1483->1487, 1487-1498, 1500->1503, 1503, 1512->1513, 1513-1520, 1523-1525, 1533->1538, 1538, 1550-1552, 1557-1563, 1570-1571, 1595-1600, 1628-1652, 1763-1768, 1772-1782, 1786-1793, 1798-1799, 1803-1827, 1831-1840, 1845-1847, 1852-1854, 1859-1865, 1869-1874, 1879-1880, 1905->1907, 1907, 1930-1933, 1982-1989, 1992-1998, 2001-2008, 2011-2016, 2034->2039, 2039-2041, 2056->2057, 2057-2065, 2084-2085, 2090-2092, 2112-2113, 2141-2154, 2157-2195, 2201-2204, 2210-2214, 2220-2233, 2240-2245, 2251-2257, 2273-2302, 2310-2314, 2320-2323, 2373, 2376, 2379, 2386-2399, 2431->2432, 2432-2436, 2439->2440, 2440-2446, 2462-2511, 2518-2522, 2526-2529, 2533-2535, 2539-2544, 2548, 2552, 2555-2572, 2579-2585, 2610-2719, 2727-2747, 2754-2759, 2774-2777, 2792-2855, 2868, 2871, 2873, 2886-2895, 2903-2906, 2909-2913
env/lib/python3.8/site-packages/pkg_resources/_vendor/appdirs.py                    257    218    138      4    11%   25->28, 28->29, 29-39, 77-97, 131-163, 195-203, 236-254, 290-311, 345-353, 388-404, 411-415, 419, 424, 429, 434, 439, 444, 449, 460-476, 480-503, 507-530, 533-556, 558->559, 559-571, 576->577, 577-608
env/lib/python3.8/site-packages/pkg_resources/_vendor/packaging/__about__.py         10      0      0      0   100%
env/lib/python3.8/site-packages/pkg_resources/_vendor/packaging/_compat.py           13      1      2      1    87%   19->22, 22
env/lib/python3.8/site-packages/pkg_resources/_vendor/packaging/_structures.py       41     16      0      0    61%   10, 14, 18, 22, 26, 30, 34, 38, 42, 51, 55, 63, 71, 75, 79, 83
env/lib/python3.8/site-packages/pkg_resources/_vendor/packaging/_typing.py            4      1      0      0    75%   48
env/lib/python3.8/site-packages/pkg_resources/_vendor/packaging/markers.py          133     14     48      8    88%   64, 68, 182->exit, 204->205, 205, 223->224, 224, 243->247, 247-248, 253->254, 254, 263->264, 264, 270->277, 277-278, 300-304, 312, 325->328
env/lib/python3.8/site-packages/pkg_resources/_vendor/packaging/requirements.py      79     15     24      4    74%   99-100, 107->108, 108-116, 127->128, 128, 133->134, 134-136, 138->139, 139, 145
env/lib/python3.8/site-packages/pkg_resources/_vendor/packaging/specifiers.py       310    147    124     13    44%   124-130, 147-155, 159-167, 195, 200, 204, 220->221, 221, 231-260, 290-292, 296, 300, 304, 308, 312, 316, 326->327, 327, 454-466, 475->477, 477-498, 506->509, 514, 523, 545->546, 546, 552->553, 553-554, 567-592, 596, 604->605, 605, 611->622, 614->615, 615, 619->620, 620, 627, 635-642, 647-661, 678-679, 690-696, 708-728, 732-737, 741-746, 762-773, 778, 782, 788->794, 794->795, 795, 803->804, 804, 822-863
env/lib/python3.8/site-packages/pkg_resources/_vendor/packaging/utils.py             26      8     14      4    70%   22-23, 35-37, 42->43, 43, 54->55, 55, 58->59, 59, 62->63, 63
env/lib/python3.8/site-packages/pkg_resources/_vendor/packaging/version.py          214     45     88     16    75%   72, 80, 92, 96, 100->101, 101, 114, 118, 123, 128, 133, 138, 143, 148, 153, 158, 163, 168, 173, 221->222, 222, 225->226, 226, 303, 310->311, 311, 321->322, 322, 329->330, 330, 365->366, 366, 378-387, 397, 402, 407, 412, 417, 429->430, 430, 438->439, 439, 440->441, 441, 442->443, 443, 444->445, 445, 448->451, 451-453, 466->467, 467, 507->511, 511, 520->531, 531
env/lib/python3.8/site-packages/pkg_resources/_vendor/pyparsing.py                 2533   1314   1078    134    43%   96-97, 103-106, 110-114, 141->151, 151-181, 183->exit, 189-193, 211->212, 212-213, 226, 234-241, 244, 247, 252-257, 259, 309, 312, 320, 322, 380->381, 381, 384->385, 385, 391->392, 392, 393->394, 394, 415->418, 418, 424->425, 425-426, 434->452, 439->440, 440-442, 452, 455, 461->exit, 463-466, 469, 472, 474->485, 485-504, 545-561, 580-583, 599-603, 617, 632-635, 641-642, 650-656, 659-661, 680-685, 688, 691, 698->699, 699, 739-753, 770-825, 828-832, 856-869, 889-914, 937, 941, 948-958, 961, 964, 978-979, 991, 996-1001, 1004, 1007, 1010, 1014, 1041->exit, 1046->1057, 1053-1058, 1075-1090, 1097-1098, 1121, 1142, 1200->1201, 1201, 1225->1226, 1226-1227, 1237-1248, 1319-1320, 1335-1336, 1339-1349, 1352->1353, 1353, 1373->1375, 1375-1393, 1412->1413, 1413-1425, 1429->1427, 1434->1436, 1436-1437, 1445, 1448-1453, 1457-1475, 1477->1507, 1480-1533, 1543-1563, 1600-1606, 1639->1640, 1640, 1641->1643, 1645->1646, 1646-1654, 1688-1727, 1746-1770, 1790-1797, 1812-1819, 1835->1836, 1836-1838, 1845->1847, 1847->1848, 1848-1850, 1857-1863, 1869-1875, 1899->1916, 1901->1902, 1902, 1903->1904, 1904-1909, 1910->1914, 1914-1916, 1918->1919, 1919, 1920->1921, 1921, 1922->1923, 1923, 1931->1932, 1932-1935, 1939->1940, 1940, 1946, 1952->1953, 1953, 1954->1955, 1955-1957, 1964-1970, 1976->1977, 1977, 1978->1979, 1979-1981, 1988-1994, 2000-2006, 2012-2018, 2076-2077, 2092-2100, 2106-2110, 2147-2151, 2157, 2165, 2171, 2179-2191, 2194-2199, 2202, 2205, 2208, 2211, 2226-2230, 2319-2361, 2388-2392, 2395, 2418-2421, 2459-2477, 2480-2491, 2494-2496, 2502, 2516-2520, 2523-2525, 2537, 2540-2543, 2571-2577, 2580-2603, 2657->2658, 2658, 2670->2671, 2671, 2675->2676, 2676, 2692->2693, 2693, 2700->2701, 2701, 2704-2705, 2725->2726, 2726, 2729->2731, 2731->2732, 2732, 2733->2734, 2734-2735, 2737->2740, 2740, 2749->2762, 2783->2799, 2784->2785, 2785, 2794-2806, 2832->2835, 2868->2869, 2869-2870, 2872->2875, 2875-2878, 2890->2891, 2891-2892, 2902->2903, 2903, 2908->2909, 2909, 2910->2911, 2911-2912, 2918-2921, 2936->2961, 2941->2961, 2943->2944, 2944-2951, 2954->2955, 2955, 2958->2959, 2959, 2969->2972, 2996->2997, 2997, 3001->3002, 3002, 3006->3010, 3016->3019, 3019-3030, 3038->3044, 3039->3040, 3040, 3072->3073, 3073, 3077->3078, 3078-3079, 3082-3094, 3109-3110, 3113-3119, 3122-3127, 3156-3158, 3170-3178, 3189->3191, 3191-3192, 3204->3205, 3205, 3206->3208, 3208-3211, 3222-3224, 3227-3231, 3242-3245, 3248-3253, 3262->3263, 3263, 3265->3266, 3266, 3267->3274, 3270->3271, 3270->exit, 3271, 3274-3277, 3281, 3284-3286, 3298-3307, 3310-3317, 3358-3361, 3386-3388, 3403->3404, 3404-3405, 3406->3407, 3407-3415, 3423-3425, 3428-3432, 3435->3436, 3436, 3460->3463, 3461->exit, 3463, 3472->3477, 3477-3480, 3487->3496, 3490-3494, 3496->3500, 3500, 3504-3506, 3509->3510, 3510, 3518-3520, 3542->3545, 3545, 3554->3558, 3558-3561, 3565->3569, 3569, 3572-3574, 3577->3578, 3578, 3586-3588, 3646-3649, 3652-3698, 3701-3707, 3710-3712, 3722->3725, 3725, 3738->3741, 3741, 3746->3748, 3751-3760, 3764->3766, 3769-3773, 3776-3779, 3810-3811, 3814-3815, 3837-3839, 3842->3843, 3843, 3855->3856, 3856, 3863->3864, 3864, 3868->3869, 3869, 3874->3875, 3875, 3876->3877, 3877, 3881->3874, 3915->3916, 3916, 3918->3921, 3946->3947, 3947, 3949->3952, 3956, 3959, 4007->4008, 4008-4012, 4018->4019, 4019, 4082-4092, 4095-4139, 4164->4165, 4165, 4177, 4180-4181, 4186->4188, 4191-4195, 4198->4199, 4199, 4205-4212, 4215->4218, 4218-4220, 4224, 4262-4266, 4340-4361, 4387, 4395-4396, 4398-4402, 4404, 4427-4445, 4464->4465, 4465, 4487-4498, 4501-4507, 4522-4535, 4551-4563, 4596-4644, 4679, 4709->4712, 4710->exit, 4712-4713, 4723, 4745-4746, 4756->exit, 4758->exit, 4784-4785, 4792-4795, 4809, 4823, 4858, 4863-4864, 4869->exit, 4872->exit, 4877->4878, 4878-4879, 4884->4885, 4885-4886, 4892->exit, 4930, 4982-4994, 5029-5030, 5097-5146, 5215-5245, 5325-5359, 5369, 5556->exit, 5584->exit, 5607-5612, 5629-5634, 5659, 5666->exit, 5669->exit, 5673->5675, 5675-5740
env/lib/python3.8/site-packages/requests/__version__.py                              10      0      0      0   100%
env/lib/python3.8/site-packages/requests/_internal_utils.py                          16     12      4      0    20%   19-27, 37-42
env/lib/python3.8/site-packages/requests/adapters.py                                222    169     76      0    18%   47, 59, 77, 81, 116-129, 132, 137-143, 159-163, 178-201, 215-252, 265-290, 301-317, 325-327, 343-356, 370, 385-392, 411-533
env/lib/python3.8/site-packages/requests/api.py                                      22     12      0      0    45%   60-61, 75-76, 88-89, 103-104, 119, 134, 149, 161
env/lib/python3.8/site-packages/requests/auth.py                                    174    141     60      0    14%   38-69, 76, 83-84, 87, 93, 96-97, 104-105, 112-115, 119-125, 132-227, 231-232, 243-276, 280-296, 299, 305
env/lib/python3.8/site-packages/requests/certs.py                                     4      1      2      1    67%   17->18, 18
env/lib/python3.8/site-packages/requests/compat.py                                   38     13      4      2    64%   37->38, 38-55, 57->exit
env/lib/python3.8/site-packages/requests/cookies.py                                 241    177     98      0    19%   21-22, 38-40, 43, 46, 49, 54-60, 66, 69, 72, 76, 79, 82, 86, 90, 94, 109, 112, 115, 125-132, 141-143, 151-162, 196-199, 207-216, 224-225, 233, 241-242, 250, 258-259, 268, 272-276, 280-284, 292-297, 306-313, 316-319, 328, 335, 341, 344-346, 350-354, 368-374, 388-399, 403-406, 410-412, 416-419, 423, 427-438, 447-474, 480-491, 517-526, 536-549
env/lib/python3.8/site-packages/requests/exceptions.py                               32      6      2      0    76%   19-25
env/lib/python3.8/site-packages/requests/hooks.py                                    15     11     10      0    16%   18, 25-34
env/lib/python3.8/site-packages/requests/models.py                                  457    373    200      0    13%   65-80, 91-107, 119-171, 178-184, 191-195, 231-249, 252, 256-269, 295-308, 315-326, 329, 332-340, 344-346, 350-356, 365-442, 447-453, 462-522, 526-535, 541-557, 570-577, 584-586, 600-644, 647, 650, 655-658, 661-666, 669, 679, 689, 693, 704-708, 715, 720, 725, 730, 749-785, 795-816, 822-836, 852-874, 883-900, 906-918, 923-943, 951-956
env/lib/python3.8/site-packages/requests/packages.py                                  6      0      6      0   100%
env/lib/python3.8/site-packages/requests/sessions.py                                283    231    104      1    14%   41->42, 42-45, 56-78, 87-93, 106-117, 121-142, 148-252, 259-270, 285-312, 318-334, 367-422, 425, 428, 440-468, 516-544, 554-555, 565-566, 576-577, 590, 602, 614, 624, 633-699, 708-727, 736-742, 746-747, 754-758, 761-762, 765-766, 781
env/lib/python3.8/site-packages/requests/status_codes.py                             15      0     10      0   100%
env/lib/python3.8/site-packages/requests/structures.py                               40     19      8      0    44%   43-46, 51, 54, 57, 60, 63, 67, 74-79, 83, 86, 97, 102, 105
env/lib/python3.8/site-packages/requests/utils.py                                   451    382    206      1    11%   45->48, 48-96, 102-105, 109-166, 172-223, 228-231, 239-263, 284-290, 310-319, 346-351, 377-386, 398-412, 422-427, 438, 446-456, 469-483, 493-508, 514-526, 531-536, 551-572, 586-601, 612-623, 634-638, 648-649, 656-660, 669-684, 695-706, 717-767, 776-779, 788-805, 814, 821, 837-863, 879-901, 910-918, 927-934, 949-959, 969-977, 984-992
env/lib/python3.8/site-packages/setuptools/_deprecation_warning.py                    1      0      0      0   100%
env/lib/python3.8/site-packages/setuptools/_imp.py                                   54     41     22      0    17%   21-26, 31-68, 72-75, 79-82
env/lib/python3.8/site-packages/setuptools/_vendor/ordered_set.py                   144     96     64      2    24%   14-16, 35, 55->56, 56, 88-99, 113, 116-125, 128-131, 143, 159-162, 180->181, 181-183, 201-203, 220-226, 244-250, 256-257, 273, 276-278, 298-308, 324-327, 331, 347-353, 369-375, 389-391, 405-407, 424-427, 434-435, 452-455, 469-470, 484-486
env/lib/python3.8/site-packages/setuptools/_vendor/packaging/__about__.py            10      0      0      0   100%
env/lib/python3.8/site-packages/setuptools/_vendor/packaging/_compat.py              13      1      2      1    87%   19->22, 22
env/lib/python3.8/site-packages/setuptools/_vendor/packaging/_structures.py          41     18      0      0    56%   10, 14, 18, 22, 26, 30, 34, 38, 42, 51, 55, 59, 63, 67, 71, 75, 79, 83
env/lib/python3.8/site-packages/setuptools/_vendor/packaging/_typing.py               4      1      0      0    75%   48
env/lib/python3.8/site-packages/setuptools/_vendor/packaging/specifiers.py          310    202    124      0    25%   110-120, 124-130, 134, 139, 143, 147-155, 159-167, 171-174, 178-180, 185, 190, 195, 200, 204, 210-226, 231-260, 290-292, 296, 300, 304, 308, 312, 316, 326-328, 454-466, 475-509, 514, 523, 532, 540-559, 567-592, 596, 604-622, 627, 635-642, 647-661, 670-686, 690-696, 700, 704, 708-728, 732-737, 741-746, 750, 754, 762-773, 778, 782, 788-810, 822-863
env/lib/python3.8/site-packages/setuptools/_vendor/packaging/tags.py                375    300    163      0    14%   72-74, 79, 84, 89, 93-96, 104, 108, 112, 123-129, 137-145, 150-155, 160, 170, 175-207, 232-267, 272-274, 292-305, 316-321, 338-347, 352-358, 363-386, 399-412, 423-431, 437, 449-459, 467-493, 505-513, 521-524, 553-592, 597-602, 610-622, 627-633, 638-642, 647-675, 680, 688-693, 701-706, 714-720, 725-729, 740-751
env/lib/python3.8/site-packages/setuptools/_vendor/packaging/utils.py                26     19     14      0    18%   22-23, 33-65
env/lib/python3.8/site-packages/setuptools/_vendor/packaging/version.py             214     88     88     15    49%   55-58, 72, 76, 80, 84, 88, 92, 96, 100-103, 109-110, 114, 118, 123, 128, 133, 138, 143, 148, 153, 158, 163, 168, 173, 189-202, 212-230, 276->277, 277, 303, 310->311, 311, 317->318, 318, 321->322, 322, 325->326, 326, 329->330, 330, 365->366, 366, 373, 378-387, 392, 397, 402, 407, 412, 417, 426->429, 429-447, 448->451, 451-453, 466->467, 467, 497->498, 498, 501->504, 504, 507->511, 511, 514->518, 518, 520->531, 531
env/lib/python3.8/site-packages/setuptools/archive_util.py                          100     82     42      0    13%   25, 51-59, 69-88, 99-125, 130-146, 152-175, 185-202
env/lib/python3.8/site-packages/setuptools/command/bdist_egg.py                     286    240    144      2    12%   22, 26-30, 37-40, 44-56, 83-89, 92-113, 117-138, 141, 145-151, 155-231, 235-258, 261-265, 268, 274-280, 285-308, 316-322, 327-340, 348->349, 349, 350->351, 351-353, 365-393, 398-405, 409-413, 433-456
env/lib/python3.8/site-packages/setuptools/command/build_ext.py                     190    131     86      7    25%   19, 29-45, 52->54, 54-59, 63, 68-72, 81->exit, 86->87, 87-104, 107-121, 135->136, 136, 137->138, 138, 139->140, 140-156, 159-183, 186-188, 191-201, 208-210, 213, 217-224, 227-230, 233-280, 283->299, 291-320
env/lib/python3.8/site-packages/setuptools/command/build_py.py                      153     67     58      6    48%   14-17, 22, 40->42, 47-63, 67->70, 70, 73-77, 117-127, 131->133, 133-151, 166->169, 169-184, 192->193, 193, 245->250, 250-254, 258-270
env/lib/python3.8/site-packages/setuptools/command/easy_install.py                 1229    822    537     52    27%   75, 85-91, 95, 99-103, 178->179, 179-180, 203-207, 210-216, 223-227, 250->251, 251-252, 254->255, 255, 268->271, 271->277, 285->286, 286-287, 294->295, 295-307, 308->310, 316->317, 317, 320->324, 326->327, 327-328, 331->332, 332, 333->335, 336->337, 337-342, 346->347, 347, 350->351, 351, 360->363, 363-369, 374->375, 375-378, 398-424, 433-434, 438, 446->447, 447-450, 455->457, 457, 463->464, 464, 467-468, 470->472, 472-473, 475->476, 476-477, 481->483, 522-528, 532-587, 591->592, 592-597, 604-609, 612-613, 620->623, 623-624, 640->641, 641-652, 659->660, 660-663, 664->666, 666-667, 683->692, 686->690, 687->686, 690, 694->695, 695-697, 702->exit, 703->exit, 704->703, 710-714, 722->724, 733->735, 735-756, 759-765, 768-788, 791->793, 793-794, 798-804, 814-819, 823-839, 843-890, 902-953, 957-998, 1004-1052, 1055-1081, 1103->1104, 1104-1106, 1126-1128, 1131-1148, 1153-1174, 1185-1197, 1200->1203, 1203-1238, 1242-1243, 1246-1262, 1265-1281, 1317-1323, 1340->1342, 1342-1347, 1355->1357, 1376->1377, 1377, 1379->1380, 1380, 1382->1383, 1383, 1384->1395, 1395, 1399->1400, 1400, 1405->1408, 1408-1419, 1424->1425, 1425, 1438-1478, 1486-1519, 1525-1556, 1565-1571, 1574-1602, 1606-1624, 1628, 1632-1642, 1646-1649, 1652-1664, 1670-1673, 1689->1690, 1690, 1698-1702, 1706-1711, 1774-1793, 1806-1813, 1831-1845, 1849, 1853-1856, 1869->1870, 1870, 1875-1888, 1895-1900, 1905-1910, 1915, 1921-1929, 1934-1937, 1941-1945, 1962, 1975-1982, 1986, 1994-1995, 1998-2001, 2008-2011, 2014, 2018-2022, 2026-2028, 2085-2088, 2093-2097, 2105-2115, 2122-2124, 2129-2130, 2137-2140, 2145, 2150-2152, 2161-2162, 2169-2175, 2180-2191, 2199-2205, 2216-2217, 2226-2248, 2264-2269, 2273-2274, 2282-2284
env/lib/python3.8/site-packages/setuptools/command/egg_info.py                      388    121    124     29    62%   55->60, 60-61, 68->70, 70, 71->73, 73, 74->76, 76-105, 111->50, 141->142, 142, 143->144, 144, 177, 181, 190-195, 214-215, 220->224, 226->227, 227, 228->234, 241->242, 242-244, 257->258, 258-264, 274->exit, 281-283, 296->297, 297, 311->312, 312, 313->314, 314-322, 334-403, 412->413, 413-415, 420-422, 426-427, 433-437, 443-444, 466-471, 477-478, 481->482, 482, 506->507, 507-508, 512->513, 513-514, 521-522, 535, 539->540, 540, 542->543, 543, 566-567, 574, 582->583, 583, 584->587, 587->592, 620->exit, 638->639, 639, 659->660, 660-661, 666-668, 696->698, 698-705, 715-723
env/lib/python3.8/site-packages/setuptools/command/install.py                        63     33     22      4    42%   26->exit, 39->40, 40, 41->42, 42-43, 49->51, 51, 60-67, 80-91, 98-118
env/lib/python3.8/site-packages/setuptools/command/install_lib.py                    63     48     18      0    19%   11-15, 22-29, 36-37, 45-47, 57-63, 72-85, 91-115, 118-122
env/lib/python3.8/site-packages/setuptools/command/install_scripts.py                48     37     12      0    18%   17-52, 56-68
env/lib/python3.8/site-packages/setuptools/command/py36compat.py                     75     57     42      1    16%   30-36, 48-53, 56-74, 77-80, 86-96, 100-113, 116-118, 121-123, 126-128, 131->exit
env/lib/python3.8/site-packages/setuptools/command/sdist.py                         125     62     42      7    46%   19->20, 20-21, 44-60, 63-65, 69-71, 77-78, 87-99, 103->104, 104, 108->exit, 119->120, 120, 136-137, 140-144, 150-160, 164-169, 183-185, 188->189, 189, 205->208, 208, 212-213, 215->216, 216-220
env/lib/python3.8/site-packages/setuptools/command/setopt.py                         79     57     34      0    19%   18-27, 40-72, 92-94, 97-111, 129-133, 136-140, 143
env/lib/python3.8/site-packages/setuptools/command/test.py                          167     89     60      2    38%   21-22, 31-55, 64-66, 82-85, 89-104, 108, 111-116, 122-123, 129->133, 133-143, 188->190, 212-232, 238-259, 263, 271-274
env/lib/python3.8/site-packages/setuptools/config.py                                298    190     94      3    30%   24-29, 32-41, 51-55, 75-102, 111-114, 125-132, 197, 209->212, 212-236, 248-256, 265-274, 283-284, 297-304, 320-330, 339-340, 345-346, 359-392, 403-411, 423-427, 449->450, 450, 458->459, 459, 472-477, 506-511, 537-563, 573-578, 605-622, 631-643, 650-651, 654-661, 668, 675, 683-684, 692-693
env/lib/python3.8/site-packages/setuptools/depends.py                                92     70     36      1    18%   23-32, 36-38, 42, 56-70, 74, 78-81, 85-92, 102-121, 136-157, 167->169, 169-172
env/lib/python3.8/site-packages/setuptools/dist.py                                  535    253    254     45    48%   42-43, 49->65, 50->51, 51, 52->56, 56, 57->59, 59, 70-118, 123->125, 125-126, 145->149, 149-160, 163->164, 164, 165->166, 166, 172->173, 173, 175->176, 176-177, 189->190, 190, 193->194, 194, 198->199, 199-200, 207-211, 225-226, 233-243, 251-254, 262-265, 270->271, 271-272, 279->280, 280-286, 293-300, 307-310, 314-315, 320->321, 321, 324->325, 325-330, 335->336, 336, 415->416, 416-417, 421->423, 442->443, 443-444, 459->460, 460-462, 467->469, 469, 474-481, 489->490, 490, 492->493, 493-499, 512->514, 514-517, 525, 546->547, 547, 557-558, 579->582, 582->583, 583, 588->589, 589, 607->613, 613-623, 639->640, 640, 642->643, 643, 645->646, 646, 651-652, 660->661, 661, 662->663, 663, 664->667, 667-671, 718->720, 720, 729->730, 730-738, 761-766, 769-774, 791-796, 801-815, 823-827, 831-846, 851-869, 887-892, 895-899, 920->921, 921-923, 937-965, 973->974, 974, 976->977, 977-983, 993->994, 994, 997->998, 998, 1002->1006, 1006-1016
env/lib/python3.8/site-packages/setuptools/extension.py                              28     15      2      0    43%   14-21, 36-37, 45-51
env/lib/python3.8/site-packages/setuptools/glob.py                                   86     56     46      5    27%   42->43, 43-44, 52->62, 53->58, 54->60, 58-59, 62-76, 85-94, 98-106, 114-117, 122-135, 143->144, 144, 151-154, 162-167
env/lib/python3.8/site-packages/setuptools/installer.py                              60     27     20      5    50%   15-18, 36->37, 37, 40->41, 41, 42->43, 43, 50->51, 51, 54->57, 57-85
env/lib/python3.8/site-packages/setuptools/lib2to3_ex.py                             44     30     22      0    21%   18, 21, 24, 31-50, 53-60, 63-68
env/lib/python3.8/site-packages/setuptools/monkey.py                                 77     34     22      8    56%   31->32, 32, 37->exit, 51->exit, 57->58, 58-59, 69->71, 71, 81->82, 82-83, 94->95, 95, 116-123, 127, 138->142, 142-177
env/lib/python3.8/site-packages/setuptools/msvc.py                                  674    507    241      1    18%   36->37, 37-38, 86-104, 127-142, 147-172, 187-207, 220-254, 259-290, 312-316, 325-329, 338-366, 381, 393, 404, 415, 433, 455, 477-478, 499, 511, 523, 535, 547, 559, 571, 583, 595, 607, 625-626, 644-666, 688-694, 706-714, 725-745, 757-787, 804, 817-821, 833-839, 850-869, 880-889, 901-910, 922, 934-965, 978-1000, 1012-1013, 1026-1033, 1045, 1058, 1073-1079, 1092-1095, 1108-1111, 1123, 1135, 1152-1164, 1183-1189, 1217-1223, 1235, 1247, 1259-1267, 1279, 1292-1301, 1313-1315, 1327-1352, 1364-1372, 1384-1394, 1408-1432, 1444, 1455-1479, 1491-1492, 1504-1507, 1519-1536, 1548-1552, 1564-1567, 1579, 1591-1607, 1619-1622, 1634-1640, 1652-1656, 1668-1669, 1681-1684, 1696-1719, 1735-1769, 1794-1802, 1815-1826
env/lib/python3.8/site-packages/setuptools/package_index.py                         652    493    300     15    18%   54-57, 65-83, 87-94, 99-108, 113-141, 146, 173-179, 191-202, 213, 226-238, 250, 256, 263, 273-275, 280-286, 289, 292, 295-296, 318->321, 321, 326-375, 379-391, 394-404, 407-414, 417-430, 434-448, 454-475, 480, 486-492, 495-507, 510-516, 522-528, 536->537, 537-547, 551-553, 556-563, 583->597, 585->587, 587-591, 592->596, 596-597, 624->625, 625, 628->exit, 630->631, 631-636, 642->628, 645->628, 648->649, 649-651, 653->656, 656->657, 657-659, 661->662, 662-663, 665->666, 666, 683-686, 689-724, 732-765, 768, 772-803, 809-833, 836, 839-843, 846-858, 861-880, 884-898, 901-914, 917-930, 933, 939, 948-949, 961, 967-972, 990-997, 1006-1007, 1010-1011, 1014, 1022-1027, 1031-1036, 1039-1040, 1050-1052, 1058-1098, 1105-1106, 1114, 1119-1145
env/lib/python3.8/site-packages/setuptools/py34compat.py                             10      5      0      0    50%   5-6, 11-13
env/lib/python3.8/site-packages/setuptools/sandbox.py                               266    157     78      5    38%   17->18, 18, 37-43, 48-54, 59-63, 71-80, 85-90, 104-109, 119, 122-130, 135-139, 150-164, 168-169, 174-178, 183-193, 222-223, 233-238, 243-257, 267, 273-274, 277-281, 284-288, 292-293, 299-301, 306->305, 313-315, 319->320, 320, 334-337, 349-352, 362, 366, 370, 374, 380->383, 383, 401-407, 410-411, 413->415, 415-418, 421-423, 426, 429-439, 442-451, 455-457, 461-463, 467-469, 495-496
env/lib/python3.8/site-packages/setuptools/ssl_support.py                           139     92     46      2    28%   14-15, 36-37, 45-51, 53->55, 55-56, 59->61, 61-152, 165, 175-176, 179-208, 235-249, 263-266
env/lib/python3.8/site-packages/setuptools/unicode_utils.py                          27     18      6      1    30%   7-15, 24->27, 27-34, 41-42
env/lib/python3.8/site-packages/setuptools/version.py                                 5      2      0      0    60%   5-6
env/lib/python3.8/site-packages/setuptools/wheel.py                                 122     91     45      0    19%   32-49, 55-60, 64, 72-74, 77, 84-90, 94-95, 98-105, 109-169, 174-197, 201-213
env/lib/python3.8/site-packages/setuptools/windows_support.py                        16      9      6      2    41%   6->8, 7->exit, 8, 20-29
env/lib/python3.8/site-packages/urllib3/_collections.py                             183    133     66      1    20%   5-6, 9-16, 48-52, 56-59, 62-74, 77-81, 84-85, 88, 93-100, 103-104, 142-150, 153-154, 157-158, 161, 164, 167-171, 176, 178->179, 179-180, 185, 189-190, 199-207, 210-213, 224-229, 236-257, 262-269, 280, 283-288, 291-293, 297-300, 304-306, 309, 317-337
env/lib/python3.8/site-packages/urllib3/_version.py                                   1      0      0      0   100%
env/lib/python3.8/site-packages/urllib3/connection.py                               216    150     68      1    24%   21-25, 31-34, 40-43, 111-125, 144, 154, 161-185, 189, 192-197, 200-201, 207-214, 218-221, 227-234, 241-273, 306-316, 335-349, 353-466, 475-496, 507-518, 522, 531->532, 532
env/lib/python3.8/site-packages/urllib3/connectionpool.py                           330    266    113      0    14%   75-80, 83, 86, 89-91, 97, 183-220, 226-241, 255-280, 296-308, 314, 318, 322-330, 335-353, 374-474, 477, 483-495, 502-516, 627-862, 906-929, 937-949, 959-964, 970-1000, 1006-1013, 1044-1049, 1057-1067
env/lib/python3.8/site-packages/urllib3/contrib/_appengine_environ.py                11      1      0      0    91%   36
env/lib/python3.8/site-packages/urllib3/contrib/socks.py                             76     67     24      0     9%   60-216
env/lib/python3.8/site-packages/urllib3/exceptions.py                               116     34      4      0    68%   24-25, 29, 36-37, 41, 54-55, 88-92, 99-101, 162-165, 172-175, 254, 257, 267-271, 274, 294-303, 316-317
env/lib/python3.8/site-packages/urllib3/fields.py                                    90     70     39      0    17%   19-21, 40-63, 83-92, 114-119, 151-157, 177-193, 206, 219-228, 234-247, 264-274
env/lib/python3.8/site-packages/urllib3/filepost.py                                  43     30     22      0    20%   19-22, 33-42, 57-60, 74-98
env/lib/python3.8/site-packages/urllib3/packages/six.py                             474    223    152     21    48%   40->49, 49-72, 97-98, 105->110, 110, 118-119, 128-130, 139->150, 140->141, 141, 150-153, 188-189, 218-219, 309->310, 310, 508, 518, 523-529, 532->541, 541-547, 552-555, 563-566, 569->582, 572, 577, 582-595, 609->630, 612, 615, 618, 621, 630-646, 656->686, 659, 662, 678->679, 679-680, 686-709, 715, 719, 723, 726->743, 730-755, 765->766, 766, 776->787, 787-788, 792->794, 794-849, 852->853, 853-860, 865->867, 867-877, 889-897, 906->907, 907-910, 913->915, 931-936, 950-956, 970-975, 986-994, 1002->1007, 1007->1021, 1013->1017, 1017-1018
env/lib/python3.8/site-packages/urllib3/poolmanager.py                              192    147     76      0    17%   99-124, 171-178, 181, 184-186, 198-213, 222, 235-245, 254-260, 270-284, 297-298, 310-320, 328-331, 340-347, 361-417, 471-495, 498-503, 512-520, 524-532, 536
env/lib/python3.8/site-packages/urllib3/request.py                                   39     28     14      0    21%   41, 53, 69-78, 87-96, 143-170
env/lib/python3.8/site-packages/urllib3/response.py                                 402    325    190      3    14%   37-39, 42, 45-64, 76-77, 80, 83-101, 104->106, 106-120, 133, 136, 139-141, 145-154, 191->192, 192, 216-260, 270-273, 276-280, 288-291, 296-300, 304, 307, 315, 321-367, 375-386, 389->390, 390, 396-412, 419-423, 434-479, 502-553, 571-579, 590-611, 615, 618, 622, 626-633, 637-646, 649-654, 660-665, 669, 673-678, 687, 692-701, 704-723, 739-793, 801-804, 807-821
env/lib/python3.8/site-packages/urllib3/util/connection.py                           72     49     28      3    26%   22-31, 56-98, 102-106, 114-117, 129->130, 130, 132->145, 142-143, 145->147
env/lib/python3.8/site-packages/urllib3/util/proxy.py                                14     11      8      0    14%   18-34, 44-56
env/lib/python3.8/site-packages/urllib3/util/queue.py                                14      5      2      1    62%   6->8, 8, 13, 16, 19, 22
env/lib/python3.8/site-packages/urllib3/util/request.py                              52     37     24      0    20%   21, 68-95, 103-113, 127-141
env/lib/python3.8/site-packages/urllib3/util/response.py                             38     31     16      0    13%   17-37, 55-91, 104-107
env/lib/python3.8/site-packages/urllib3/util/retry.py                               205    138     88      4    26%   38-43, 47-52, 56-61, 65-70, 245->246, 246-257, 258->260, 260->263, 269->270, 270-271, 286-319, 324-333, 341-350, 354-373, 378-383, 386-391, 394-397, 408-413, 419-421, 427, 435-447, 456-462, 471-483, 504-577, 580, 586-597
env/lib/python3.8/site-packages/urllib3/util/ssl_.py                                181    137     62      0    18%   37-40, 48-49, 53-54, 58-59, 66-72, 77-79, 84-85, 126-174, 187-199, 217-226, 233-242, 281-331, 372-433, 443-446, 451-457, 461-474
env/lib/python3.8/site-packages/urllib3/util/ssltransport.py                        139    106     50      0    17%   32-39, 50-61, 64, 67, 70, 73, 76-78, 81-87, 90-97, 100-103, 115-148, 151, 154, 157, 160, 163, 166, 169, 172, 175, 178, 181, 184, 187-193, 197-221
env/lib/python3.8/site-packages/urllib3/util/timeout.py                              64     42     22      0    26%   103-106, 109, 130-163, 179, 193, 201-204, 214-218, 230-236, 255-268
env/lib/python3.8/site-packages/urllib3/util/url.py                                 203    150    101      0    18%   101-105, 112, 117-122, 127-129, 150-169, 172, 193-207, 214-241, 246-271, 275-299, 303-317, 322-327, 352-414, 429-430
env/lib/python3.8/site-packages/urllib3/util/wait.py                                 76     58     28      1    18%   8-9, 40->48, 43-68, 72-87, 91-107, 111, 118-124, 133-139, 146, 153
env/lib/python3.8/site-packages/yaml/composer.py                                     92     76     38      0    12%   14, 18-22, 26-27, 31-48, 52-61, 64-86, 89-97, 100-115, 118-138
env/lib/python3.8/site-packages/yaml/constructor.py                                 479    370    214      0    17%   25-28, 32, 38-39, 44-45, 49-52, 55-65, 68-115, 118-122, 125-129, 133-145, 148-157, 174-178, 181-213, 216-218, 221-222, 234-235, 238-263, 271-292, 295-307, 323-350, 356-373, 377-394, 397-400, 403, 406-408, 411-414, 417-424, 427, 487, 490-492, 495, 498, 501-513, 517, 520, 523, 526-538, 541-563, 566-570, 573-577, 581-593, 596-612, 617-621, 635-656, 659, 716, 719, 722, 726
env/lib/python3.8/site-packages/yaml/cyaml.py                                        46     24      0      0    48%   19-21, 26-28, 33-35, 40-42, 47-49, 59-66, 76-83, 93-100
env/lib/python3.8/site-packages/yaml/dumper.py                                       23     12      0      0    48%   17-25, 35-43, 53-61
env/lib/python3.8/site-packages/yaml/emitter.py                                     838    769    470      0     5%   22-29, 42-104, 108-109, 112-116, 121-131, 134-144, 147-154, 161-167, 171, 176, 179-211, 215-223, 227-228, 234-258, 261-264, 267-270, 275-278, 281-290, 293-306, 311-314, 317-331, 334-352, 355-357, 360-364, 369-371, 374, 377-384, 389-390, 393, 396-407, 410-412, 415-418, 423, 427, 431-434, 438-452, 460-467, 470-492, 495-513, 516-535, 540-543, 546-555, 558-578, 581-614, 617-624, 629-778, 789-790, 794-795, 798, 802-812, 815-825, 828-836, 839-843, 846-850, 855-906, 927-978, 981-989, 992-1043, 1046-1078, 1081-1137
env/lib/python3.8/site-packages/yaml/error.py                                        58     48     22      0    12%   7-12, 15-34, 38-43, 52-56, 59-74
env/lib/python3.8/site-packages/yaml/events.py                                       61     32      4      0    45%   6-7, 9-13, 17-19, 24-29, 38-40, 48-52, 57-59, 67-73
env/lib/python3.8/site-packages/yaml/loader.py                                       47     30      0      0    36%   14-19, 24-29, 34-39, 44-49, 58-63
env/lib/python3.8/site-packages/yaml/nodes.py                                        29     17      0      0    41%   4-7, 9-23, 29-33, 38-42
env/lib/python3.8/site-packages/yaml/parser.py                                      352    312    140      0     8%   82-87, 91-92, 96-105, 109-112, 116-121, 130-137, 142-157, 162-188, 193-206, 209-215, 218-246, 265, 268, 271, 274-372, 377-379, 382-398, 403-415, 423-425, 428-444, 447-458, 472-474, 477-500, 503-510, 513-524, 527-529, 538-540, 543-567, 570-581, 584-585, 588
env/lib/python3.8/site-packages/yaml/reader.py                                      122    105     44      0    10%   27-31, 34-40, 60-85, 88-92, 95-97, 100-112, 115-119, 123-135, 139-143, 147-175, 178-185
env/lib/python3.8/site-packages/yaml/representer.py                                 248    176    108      1    22%   19-24, 27-31, 34-63, 73->75, 78-83, 86-101, 104-129, 132, 137-142, 145, 148, 151-155, 158-162, 165, 172-189, 199, 207, 210-213, 216-217, 220-221, 224-228, 231, 275-283, 286, 289-290, 293, 313-356, 360-364
env/lib/python3.8/site-packages/yaml/resolver.py                                    135     97     92      2    19%   22-23, 29->30, 30, 32->33, 33, 51-89, 92-112, 115-118, 122-141, 144-165
env/lib/python3.8/site-packages/yaml/scanner.py                                     753    672    352      0     7%   39-44, 60-109, 115-123, 128-133, 137-141, 146-154, 159-258, 272-277, 286-293, 301-310, 314-321, 340-347, 351-355, 364-367, 374-388, 393-400, 403, 406, 411-422, 425, 428, 433-445, 448, 451, 456-468, 473-482, 487-515, 520-543, 548-599, 604-610, 615-621, 626-632, 635, 638, 643-649, 652, 655, 660-666, 671-679, 687-688, 693-696, 701-704, 709, 714-719, 724-729, 745-746, 772-785, 789-804, 808-825, 829-842, 846-855, 859-865, 869-874, 878-883, 887-897, 908-933, 937-974, 979-1049, 1054-1090, 1094-1104, 1108-1119, 1123-1132, 1141-1155, 1187-1226, 1230-1250, 1254-1268, 1276-1309, 1315-1346, 1352-1370, 1375-1395, 1399-1414, 1425-1435
env/lib/python3.8/site-packages/yaml/serializer.py                                   85     70     36      0    12%   17-25, 28-34, 37-41, 47-58, 61-72, 75-76, 79-110
env/lib/python3.8/site-packages/yaml/tokens.py                                       76     27      4      0    61%   4-5, 7-12, 20-23, 35-37, 78-80, 85-87, 92-94, 99-103
gslab_fill/tablefill.py                                                             141      5     68     10    93%   32->35, 35->37, 52->53, 53, 83->exit, 91->88, 104->105, 105, 122->119, 137->138, 138, 167->171, 171, 173->174, 174
gslab_fill/tablefill_info.py                                                          0      0      0      0   100%
gslab_fill/tests/test_tablefill.py                                                   97      2     42      6    94%   22->exit, 39->36, 59->45, 76->exit, 140->exit, 144->145, 145-146
gslab_fill/tests/test_textfill.py                                                    82      2     14      3    95%   16->exit, 132->exit, 136->137, 137-138
gslab_fill/textfill.py                                                              135      2     60      5    96%   32->35, 35->37, 43->44, 44, 100->exit, 169->170, 170
gslab_fill/textfill_info.py                                                           0      0      0      0   100%
gslab_make/dir_mod.py                                                               151    130     70      0    10%   28-31, 43-54, 69-145, 159-208, 219-223, 227-229, 233-240, 244-252
gslab_make/get_externals.py                                                          21     16      2      0    22%   77-97
gslab_make/get_externals_github.py                                                   21     15      2      0    26%   56-78
gslab_make/make_link_logs.py                                                         35     28     16      0    14%   60-74, 85-105
gslab_make/make_links.py                                                             18     12      4      0    27%   60-78
gslab_make/make_log.py                                                              165    146     70      0     8%   34-62, 76-99, 112-127, 145-171, 190-216, 249-261, 278-296, 312-344
gslab_make/private/exceptionclasses.py                                               11      2      0      0    82%   5, 7
gslab_make/private/getexternalsdirectives.py                                        200    167     86      0    12%   17-23, 26-44, 48-49, 53-55, 59-70, 74-75, 79-83, 87-108, 112-123, 127, 136-151, 155-204, 208, 213-217, 222-230, 239-253, 257-264, 269-278, 286-299, 303-307, 311-316
gslab_make/private/linkdirectives.py                                                108     92     56      0    10%   14-34, 39-44, 48-49, 53-62, 66-87, 90-102, 106-114, 117-140, 144-157
gslab_make/private/linkslist.py                                                      53     46     38      0     8%   9-38, 41-45, 48-66
gslab_make/private/messages.py                                                       48      0      0      0   100%
gslab_make/private/metadata.py                                                        9      0      0      0   100%
gslab_make/private/preliminaries.py                                                 107     88     50      0    12%   17-26, 29-38, 43-56, 60-64, 67-72, 81-90, 97-113, 120-141, 144-146, 151-160
gslab_make/private/runprogramdirective.py                                           207    185    110      0     7%   16-93, 97-107, 111-116, 121-134, 138-145, 149-163, 167-220, 224-240, 244-264, 271-282, 285-289, 296-302
gslab_make/run_program.py                                                           236    217     80      0     6%   127-160, 176-200, 206-223, 229-246, 252-273, 279-296, 302-319, 330-390, 396-421, 427-445, 451-486, 492-497
gslab_make/tests/nostderrout.py                                                      13      0      2      0   100%
gslab_misc/gencat/gencat.py                                                          81      6     28      4    91%   57->exit, 71->72, 72-73, 81, 89, 96->97, 97, 100->101, 101
gslab_misc/gencat/tests/run_all_tests.py                                              9      9      0      0     0%   3-14
gslab_misc/gencat/tests/test_checkDicts.py                                           55      4      6      1    92%   20-22, 79->80, 80
gslab_misc/gencat/tests/test_cleanDir.py                                             56      6      6      1    89%   15, 18, 31-33, 93->94, 94
gslab_misc/gencat/tests/test_main.py                                                 49      4      8      1    91%   32-34, 70->71, 71
gslab_misc/gencat/tests/test_unzipFiles.py                                          124      6     30      2    95%   15, 17, 30-32, 156->150, 193->194, 194
gslab_misc/gencat/tests/test_writeDict.py                                            60      6      8      1    90%   15, 17, 30-32, 91->92, 92
gslab_misc/gencat/tests/test_zipFile.py                                             101      6      8      1    94%   16, 19, 28-30, 148->149, 149
gslab_scons/_exception_classes.py                                                    13      0      0      0   100%
gslab_scons/_release_tools.py                                                       133     68     48      2    45%   34->37, 57-64, 71->72, 72, 81-138, 177-191, 199-205, 213-219, 226
gslab_scons/builders/build_anything.py                                               49     37     16      0    18%   39-55, 64-78, 86-89, 95-97, 105-111
gslab_scons/builders/build_latex.py                                                  37     25     12      2    24%   29-30, 43->46, 43->61, 46-64, 72-80, 86-99
gslab_scons/builders/build_lyx.py                                                    20      1      0      0    95%   30
gslab_scons/builders/build_matlab.py                                                 39     13      4      0    70%   27-28, 60-66, 72-75
gslab_scons/builders/build_python.py                                                 13      0      0      0   100%
gslab_scons/builders/build_r.py                                                      12      1      0      0    92%   28
gslab_scons/builders/build_stata.py                                                  38      0      0      0   100%
gslab_scons/builders/build_tables.py                                                 25      1      4      0    97%   32
gslab_scons/builders/gslab_builder.py                                                99      6     20      2    93%   61->65, 65, 84-85, 107, 132->133, 133, 167
gslab_scons/check_prereq.py                                                          64     55     26      0    10%   16-40, 47-62, 70-83, 90-101
gslab_scons/log.py                                                                   69     33     22      4    48%   13-29, 35->36, 36, 58->59, 59-65, 68->69, 69, 94->95, 95-106
gslab_scons/log_paths_dict.py                                                        91     75     36      0    13%   15-23, 34-41, 48-58, 64-67, 75-80, 87-91, 97, 105-109, 116-129, 136-143, 149-159
gslab_scons/misc.py                                                                 175     83     70      6    50%   16-18, 61->62, 62, 103-144, 166->167, 167, 195->196, 196-198, 203->206, 206-207, 217->228, 220->221, 221-223, 228-230, 240-241, 251-265, 276-307
gslab_scons/release.py                                                               53     53     30      0     0%   1-88
gslab_scons/scons_debrief.py                                                        141    123     68      0     9%   20-34, 38-70, 82-159, 167-170, 180-215, 223-225, 235-247, 256-264, 271-273
gslab_scons/tests/_side_effects.py                                                  145     64     32      5    53%   16-44, 52->exit, 68-85, 92, 128, 153->165, 169->exit, 182-219, 227-231, 240-241, 257, 259->260, 260, 300->306
gslab_scons/tests/_test_helpers.py                                                   93      8     32      6    86%   27-28, 48->50, 50, 82->94, 94-96, 119->122, 122, 132->137, 137, 157->160, 160, 165->exit
gslab_scons/tests/test_build_latex.py                                                56      5      8      3    88%   25->exit, 39, 53, 86-87, 102->exit, 106->107, 107
gslab_scons/tests/test_build_lyx.py                                                  57      3      8      3    91%   26->exit, 40, 54, 103->exit, 107->108, 108
gslab_scons/tests/test_build_matlab.py                                               67      9     12      4    81%   27->exit, 42, 50-54, 67, 95, 112->114, 114->115, 115, 117->118, 118
gslab_scons/tests/test_build_python.py                                               50      2     12      4    90%   23->exit, 66->67, 67, 73->75, 79->80, 80
gslab_scons/tests/test_build_r.py                                                    48     15     12      4    62%   27->exit, 33-38, 44-45, 57-60, 67-73, 76->78, 78->79, 79, 81->82, 82
gslab_scons/tests/test_build_stata.py                                                95      1      8      3    96%   26->exit, 161->163, 166->167, 167
gslab_scons/tests/test_build_tables.py                                               92     21     12      3    73%   21->exit, 46-56, 64-83, 98, 144, 173->exit, 177->178, 178
gslab_scons/tests/test_configuration_tests.py                                       200    158     55      1    17%   22-41, 50-85, 91-104, 111-129, 136-162, 168-174, 179-190, 201-211, 219-250, 261-306, 309->310, 310
gslab_scons/tests/test_log.py                                                       124     43     16      6    62%   26->27, 27, 28->exit, 43-55, 66-68, 81-89, 100-104, 117-123, 154-160, 172-179, 193->194, 194, 195->196, 196, 197->exit, 200->201, 201
gslab_scons/tests/test_misc.py                                                      205     86     28      2    55%   33-50, 62, 71, 94, 103, 178->179, 179, 190-200, 223-230, 246-261, 278-343, 362->363, 363
gslab_scons/tests/test_release_function.py                                          125     47     22      1    58%   99-113, 129-195, 293-294, 302-307, 323->324, 324
gslab_scons/tests/test_release_tools.py                                              65     15      2      1    76%   91-118, 149->150, 150
gslab_scons/tests/test_size_warning.py                                              184    144     56      2    18%   24-92, 116->118, 118-120, 128-166, 177-214, 226-277, 286-316, 320-325, 329-339, 350-355, 362-374, 377->378, 378
-----------------------------------------------------------------------------------------------------------------------------
TOTAL                                                                             29272  18802  11255    658    30%
